::1 - - [18/Jan/2021:16:26:58 +0000] "POST /customerlogin HTTP/1.1" - - "-" "PostmanRuntime/7.26.8"
::1 - - [18/Jan/2021:16:40:51 +0000] "POST /customerlogin HTTP/1.1" 200 43 "-" "PostmanRuntime/7.26.8"
::1 - - [18/Jan/2021:16:41:17 +0000] "POST /customerlogin HTTP/1.1" 200 43 "-" "PostmanRuntime/7.26.8"
::1 - - [18/Jan/2021:17:02:55 +0000] "POST /customerlogin HTTP/1.1" 200 43 "-" "PostmanRuntime/7.26.8"
::1 - - [18/Jan/2021:17:03:41 +0000] "POST /customerlogin HTTP/1.1" 200 43 "-" "PostmanRuntime/7.26.8"
::1 - - [18/Jan/2021:17:06:37 +0000] "POST /customerlogin HTTP/1.1" 200 43 "-" "PostmanRuntime/7.26.8"
::1 - - [18/Jan/2021:17:17:30 +0000] "POST /customerlogin HTTP/1.1" 200 43 "-" "PostmanRuntime/7.26.8"
::1 - - [18/Jan/2021:17:17:56 +0000] "POST /customerlogin HTTP/1.1" 200 43 "-" "PostmanRuntime/7.26.8"
::1 - - [21/Jan/2021:06:49:01 +0000] "OPTIONS /customerlogin HTTP/1.1" 200 4 "http://localhost:4200/" "Mozilla/5.0 (Windows NT 10.0; Win64; x64) AppleWebKit/537.36 (KHTML, like Gecko) Chrome/87.0.4280.141 Safari/537.36"
::1 - - [21/Jan/2021:06:52:35 +0000] "OPTIONS /customerlogin HTTP/1.1" 200 4 "http://localhost:4200/" "Mozilla/5.0 (Windows NT 10.0; Win64; x64) AppleWebKit/537.36 (KHTML, like Gecko) Chrome/87.0.4280.141 Safari/537.36"
::1 - - [21/Jan/2021:06:52:36 +0000] "OPTIONS /customerlogin HTTP/1.1" 200 4 "http://localhost:4200/" "Mozilla/5.0 (Windows NT 10.0; Win64; x64) AppleWebKit/537.36 (KHTML, like Gecko) Chrome/87.0.4280.141 Safari/537.36"
::1 - - [21/Jan/2021:07:15:25 +0000] "GET /customerlogin HTTP/1.1" - - "-" "Mozilla/5.0 (Windows NT 10.0; Win64; x64) AppleWebKit/537.36 (KHTML, like Gecko) Chrome/87.0.4280.141 Safari/537.36"
::1 - - [21/Jan/2021:07:17:42 +0000] "POST /customerlogin HTTP/1.1" 200 43 "-" "PostmanRuntime/7.26.8"
::1 - - [21/Jan/2021:07:17:50 +0000] "OPTIONS /customerlogin HTTP/1.1" 200 4 "http://localhost:4200/" "Mozilla/5.0 (Windows NT 10.0; Win64; x64) AppleWebKit/537.36 (KHTML, like Gecko) Chrome/87.0.4280.141 Safari/537.36"
::1 - - [21/Jan/2021:07:17:50 +0000] "POST /customerlogin HTTP/1.1" 200 43 "http://localhost:4200/" "Mozilla/5.0 (Windows NT 10.0; Win64; x64) AppleWebKit/537.36 (KHTML, like Gecko) Chrome/87.0.4280.141 Safari/537.36"
::1 - - [21/Jan/2021:07:29:18 +0000] "OPTIONS /customerlogin HTTP/1.1" 200 4 "http://localhost:4200/" "Mozilla/5.0 (Windows NT 10.0; Win64; x64) AppleWebKit/537.36 (KHTML, like Gecko) Chrome/87.0.4280.141 Safari/537.36"
::1 - - [21/Jan/2021:07:29:18 +0000] "POST /customerlogin HTTP/1.1" 200 43 "http://localhost:4200/" "Mozilla/5.0 (Windows NT 10.0; Win64; x64) AppleWebKit/537.36 (KHTML, like Gecko) Chrome/87.0.4280.141 Safari/537.36"
::1 - - [21/Jan/2021:07:32:06 +0000] "OPTIONS /customerlogin HTTP/1.1" 200 4 "http://localhost:4200/" "Mozilla/5.0 (Windows NT 10.0; Win64; x64) AppleWebKit/537.36 (KHTML, like Gecko) Chrome/87.0.4280.141 Safari/537.36"
::1 - - [21/Jan/2021:07:32:06 +0000] "POST /customerlogin HTTP/1.1" 200 43 "http://localhost:4200/" "Mozilla/5.0 (Windows NT 10.0; Win64; x64) AppleWebKit/537.36 (KHTML, like Gecko) Chrome/87.0.4280.141 Safari/537.36"
::1 - - [21/Jan/2021:07:32:28 +0000] "POST /customerlogin HTTP/1.1" 200 43 "-" "PostmanRuntime/7.26.8"
::1 - - [21/Jan/2021:07:33:41 +0000] "POST /customerlogin HTTP/1.1" 200 43 "-" "PostmanRuntime/7.26.8"
::1 - - [21/Jan/2021:07:34:33 +0000] "POST /customerlogin HTTP/1.1" 200 43 "-" "PostmanRuntime/7.26.8"
::1 - - [21/Jan/2021:07:35:20 +0000] "POST /customerlogin HTTP/1.1" 200 43 "-" "PostmanRuntime/7.26.8"
::1 - - [21/Jan/2021:07:36:12 +0000] "OPTIONS /customerlogin HTTP/1.1" 200 4 "http://localhost:4200/" "Mozilla/5.0 (Windows NT 10.0; Win64; x64) AppleWebKit/537.36 (KHTML, like Gecko) Chrome/87.0.4280.141 Safari/537.36"
::1 - - [21/Jan/2021:07:36:12 +0000] "POST /customerlogin HTTP/1.1" 200 63 "http://localhost:4200/" "Mozilla/5.0 (Windows NT 10.0; Win64; x64) AppleWebKit/537.36 (KHTML, like Gecko) Chrome/87.0.4280.141 Safari/537.36"
::1 - - [21/Jan/2021:07:39:13 +0000] "OPTIONS /customerlogin HTTP/1.1" 200 4 "http://localhost:4200/" "Mozilla/5.0 (Windows NT 10.0; Win64; x64) AppleWebKit/537.36 (KHTML, like Gecko) Chrome/87.0.4280.141 Safari/537.36"
::1 - - [21/Jan/2021:07:39:13 +0000] "POST /customerlogin HTTP/1.1" 200 43 "http://localhost:4200/" "Mozilla/5.0 (Windows NT 10.0; Win64; x64) AppleWebKit/537.36 (KHTML, like Gecko) Chrome/87.0.4280.141 Safari/537.36"
::1 - - [21/Jan/2021:08:51:12 +0000] "OPTIONS /customerlogin HTTP/1.1" 200 4 "http://localhost:4200/" "Mozilla/5.0 (Windows NT 10.0; Win64; x64) AppleWebKit/537.36 (KHTML, like Gecko) Chrome/87.0.4280.141 Safari/537.36"
::1 - - [21/Jan/2021:08:51:12 +0000] "POST /customerlogin HTTP/1.1" 200 43 "http://localhost:4200/" "Mozilla/5.0 (Windows NT 10.0; Win64; x64) AppleWebKit/537.36 (KHTML, like Gecko) Chrome/87.0.4280.141 Safari/537.36"
::1 - - [21/Jan/2021:08:51:40 +0000] "OPTIONS /customerlogin HTTP/1.1" 200 4 "http://localhost:4200/" "Mozilla/5.0 (Windows NT 10.0; Win64; x64) AppleWebKit/537.36 (KHTML, like Gecko) Chrome/87.0.4280.141 Safari/537.36"
::1 - - [21/Jan/2021:08:51:40 +0000] "POST /customerlogin HTTP/1.1" 200 63 "http://localhost:4200/" "Mozilla/5.0 (Windows NT 10.0; Win64; x64) AppleWebKit/537.36 (KHTML, like Gecko) Chrome/87.0.4280.141 Safari/537.36"
::1 - - [21/Jan/2021:09:01:48 +0000] "OPTIONS /customerlogin HTTP/1.1" 200 4 "http://localhost:4200/" "Mozilla/5.0 (Windows NT 10.0; Win64; x64) AppleWebKit/537.36 (KHTML, like Gecko) Chrome/87.0.4280.141 Safari/537.36"
::1 - - [21/Jan/2021:09:01:48 +0000] "POST /customerlogin HTTP/1.1" 200 43 "http://localhost:4200/" "Mozilla/5.0 (Windows NT 10.0; Win64; x64) AppleWebKit/537.36 (KHTML, like Gecko) Chrome/87.0.4280.141 Safari/537.36"
::1 - - [21/Jan/2021:11:37:29 +0000] "OPTIONS /customerlogin HTTP/1.1" 200 4 "http://localhost:4200/" "Mozilla/5.0 (Windows NT 10.0; Win64; x64) AppleWebKit/537.36 (KHTML, like Gecko) Chrome/87.0.4280.141 Safari/537.36"
::1 - - [21/Jan/2021:11:37:29 +0000] "POST /customerlogin HTTP/1.1" 200 43 "http://localhost:4200/" "Mozilla/5.0 (Windows NT 10.0; Win64; x64) AppleWebKit/537.36 (KHTML, like Gecko) Chrome/87.0.4280.141 Safari/537.36"
::1 - - [21/Jan/2021:12:24:13 +0000] "OPTIONS /customerlogin HTTP/1.1" 200 4 "http://localhost:4200/" "Mozilla/5.0 (Windows NT 10.0; Win64; x64) AppleWebKit/537.36 (KHTML, like Gecko) Chrome/87.0.4280.141 Safari/537.36"
::1 - - [21/Jan/2021:12:24:13 +0000] "POST /customerlogin HTTP/1.1" 200 43 "http://localhost:4200/" "Mozilla/5.0 (Windows NT 10.0; Win64; x64) AppleWebKit/537.36 (KHTML, like Gecko) Chrome/87.0.4280.141 Safari/537.36"
::1 - - [21/Jan/2021:12:24:58 +0000] "OPTIONS /customerlogin HTTP/1.1" 200 4 "http://localhost:4200/" "Mozilla/5.0 (Windows NT 10.0; Win64; x64) AppleWebKit/537.36 (KHTML, like Gecko) Chrome/87.0.4280.141 Safari/537.36"
::1 - - [21/Jan/2021:12:24:58 +0000] "POST /customerlogin HTTP/1.1" 200 63 "http://localhost:4200/" "Mozilla/5.0 (Windows NT 10.0; Win64; x64) AppleWebKit/537.36 (KHTML, like Gecko) Chrome/87.0.4280.141 Safari/537.36"
::1 - - [21/Jan/2021:12:44:10 +0000] "POST /customerdetails HTTP/1.1" 404 155 "-" "PostmanRuntime/7.26.8"
::1 - - [21/Jan/2021:12:44:17 +0000] "GET /customerdetails HTTP/1.1" 404 154 "-" "PostmanRuntime/7.26.8"
::1 - - [21/Jan/2021:12:44:46 +0000] "GET /customerdetails HTTP/1.1" 200 358 "-" "PostmanRuntime/7.26.8"
::1 - - [21/Jan/2021:12:54:14 +0000] "GET /users HTTP/1.1" 301 177 "http://localhost:4200/" "Mozilla/5.0 (Windows NT 10.0; Win64; x64) AppleWebKit/537.36 (KHTML, like Gecko) Chrome/87.0.4280.141 Safari/537.36"
::1 - - [21/Jan/2021:12:54:58 +0000] "GET /customerdetails HTTP/1.1" 200 46 "http://localhost:4200/" "Mozilla/5.0 (Windows NT 10.0; Win64; x64) AppleWebKit/537.36 (KHTML, like Gecko) Chrome/87.0.4280.141 Safari/537.36"
::1 - - [21/Jan/2021:12:56:04 +0000] "GET /customerdetails HTTP/1.1" 304 - "http://localhost:4200/" "Mozilla/5.0 (Windows NT 10.0; Win64; x64) AppleWebKit/537.36 (KHTML, like Gecko) Chrome/87.0.4280.141 Safari/537.36"
::1 - - [21/Jan/2021:12:56:33 +0000] "GET /customerdetails HTTP/1.1" 304 - "http://localhost:4200/" "Mozilla/5.0 (Windows NT 10.0; Win64; x64) AppleWebKit/537.36 (KHTML, like Gecko) Chrome/87.0.4280.141 Safari/537.36"
::1 - - [21/Jan/2021:12:57:04 +0000] "GET /customerdetails HTTP/1.1" 304 - "http://localhost:4200/" "Mozilla/5.0 (Windows NT 10.0; Win64; x64) AppleWebKit/537.36 (KHTML, like Gecko) Chrome/87.0.4280.141 Safari/537.36"
::1 - - [21/Jan/2021:12:57:08 +0000] "GET /customerdetails HTTP/1.1" 304 - "http://localhost:4200/" "Mozilla/5.0 (Windows NT 10.0; Win64; x64) AppleWebKit/537.36 (KHTML, like Gecko) Chrome/87.0.4280.141 Safari/537.36"
::1 - - [21/Jan/2021:12:57:22 +0000] "OPTIONS /customerlogin HTTP/1.1" 200 4 "http://localhost:4200/" "Mozilla/5.0 (Windows NT 10.0; Win64; x64) AppleWebKit/537.36 (KHTML, like Gecko) Chrome/87.0.4280.141 Safari/537.36"
::1 - - [21/Jan/2021:12:57:22 +0000] "POST /customerlogin HTTP/1.1" 200 63 "http://localhost:4200/" "Mozilla/5.0 (Windows NT 10.0; Win64; x64) AppleWebKit/537.36 (KHTML, like Gecko) Chrome/87.0.4280.141 Safari/537.36"
::1 - - [21/Jan/2021:12:57:22 +0000] "GET /customerdetails HTTP/1.1" 304 - "http://localhost:4200/" "Mozilla/5.0 (Windows NT 10.0; Win64; x64) AppleWebKit/537.36 (KHTML, like Gecko) Chrome/87.0.4280.141 Safari/537.36"
::1 - - [21/Jan/2021:13:00:58 +0000] "GET /customerdetails HTTP/1.1" 304 - "http://localhost:4200/" "Mozilla/5.0 (Windows NT 10.0; Win64; x64) AppleWebKit/537.36 (KHTML, like Gecko) Chrome/87.0.4280.141 Safari/537.36"
::1 - - [21/Jan/2021:13:02:07 +0000] "GET /customerdetails HTTP/1.1" 304 - "http://localhost:4200/" "Mozilla/5.0 (Windows NT 10.0; Win64; x64) AppleWebKit/537.36 (KHTML, like Gecko) Chrome/87.0.4280.141 Safari/537.36"
::1 - - [21/Jan/2021:13:02:13 +0000] "GET /customerdetails HTTP/1.1" 304 - "http://localhost:4200/" "Mozilla/5.0 (Windows NT 10.0; Win64; x64) AppleWebKit/537.36 (KHTML, like Gecko) Chrome/87.0.4280.141 Safari/537.36"
::1 - - [21/Jan/2021:13:03:12 +0000] "GET /customerdetails HTTP/1.1" 304 - "http://localhost:4200/" "Mozilla/5.0 (Windows NT 10.0; Win64; x64) AppleWebKit/537.36 (KHTML, like Gecko) Chrome/87.0.4280.141 Safari/537.36"
::1 - - [21/Jan/2021:13:03:54 +0000] "GET /customerdetails HTTP/1.1" 304 - "http://localhost:4200/" "Mozilla/5.0 (Windows NT 10.0; Win64; x64) AppleWebKit/537.36 (KHTML, like Gecko) Chrome/87.0.4280.141 Safari/537.36"
::1 - - [21/Jan/2021:13:08:35 +0000] "GET /customerdetails HTTP/1.1" 304 - "http://localhost:4200/" "Mozilla/5.0 (Windows NT 10.0; Win64; x64) AppleWebKit/537.36 (KHTML, like Gecko) Chrome/87.0.4280.141 Safari/537.36"
::1 - - [21/Jan/2021:13:10:01 +0000] "GET /customerdetails HTTP/1.1" 304 - "http://localhost:4200/" "Mozilla/5.0 (Windows NT 10.0; Win64; x64) AppleWebKit/537.36 (KHTML, like Gecko) Chrome/87.0.4280.141 Safari/537.36"
::1 - - [21/Jan/2021:14:06:42 +0000] "GET /customerdetails HTTP/1.1" 304 - "http://localhost:4200/" "Mozilla/5.0 (Windows NT 10.0; Win64; x64) AppleWebKit/537.36 (KHTML, like Gecko) Chrome/87.0.4280.141 Safari/537.36"
::1 - - [21/Jan/2021:14:15:20 +0000] "GET /customerdetails HTTP/1.1" 304 - "http://localhost:4200/" "Mozilla/5.0 (Windows NT 10.0; Win64; x64) AppleWebKit/537.36 (KHTML, like Gecko) Chrome/87.0.4280.141 Safari/537.36"
::1 - - [21/Jan/2021:14:15:29 +0000] "GET /customerdetails HTTP/1.1" 304 - "http://localhost:4200/" "Mozilla/5.0 (Windows NT 10.0; Win64; x64) AppleWebKit/537.36 (KHTML, like Gecko) Chrome/87.0.4280.141 Safari/537.36"
::1 - - [21/Jan/2021:14:21:16 +0000] "GET /customerdetails HTTP/1.1" 304 - "http://localhost:4200/" "Mozilla/5.0 (Windows NT 10.0; Win64; x64) AppleWebKit/537.36 (KHTML, like Gecko) Chrome/87.0.4280.141 Safari/537.36"
::1 - - [21/Jan/2021:14:28:24 +0000] "GET /customerdetails HTTP/1.1" 304 - "http://localhost:4200/" "Mozilla/5.0 (Windows NT 10.0; Win64; x64) AppleWebKit/537.36 (KHTML, like Gecko) Chrome/87.0.4280.141 Safari/537.36"
::1 - - [21/Jan/2021:14:32:15 +0000] "GET /customerdetails HTTP/1.1" 304 - "http://localhost:4200/" "Mozilla/5.0 (Windows NT 10.0; Win64; x64) AppleWebKit/537.36 (KHTML, like Gecko) Chrome/87.0.4280.141 Safari/537.36"
::1 - - [21/Jan/2021:14:38:34 +0000] "OPTIONS /customerdetails HTTP/1.1" 200 8 "http://localhost:4200/" "Mozilla/5.0 (Windows NT 10.0; Win64; x64) AppleWebKit/537.36 (KHTML, like Gecko) Chrome/87.0.4280.141 Safari/537.36"
::1 - - [21/Jan/2021:14:38:34 +0000] "POST /customerdetails HTTP/1.1" 404 155 "http://localhost:4200/" "Mozilla/5.0 (Windows NT 10.0; Win64; x64) AppleWebKit/537.36 (KHTML, like Gecko) Chrome/87.0.4280.141 Safari/537.36"
::1 - - [21/Jan/2021:14:40:38 +0000] "OPTIONS /customerdetails HTTP/1.1" 200 8 "http://localhost:4200/" "Mozilla/5.0 (Windows NT 10.0; Win64; x64) AppleWebKit/537.36 (KHTML, like Gecko) Chrome/87.0.4280.141 Safari/537.36"
::1 - - [21/Jan/2021:14:40:38 +0000] "POST /customerdetails HTTP/1.1" 404 155 "http://localhost:4200/" "Mozilla/5.0 (Windows NT 10.0; Win64; x64) AppleWebKit/537.36 (KHTML, like Gecko) Chrome/87.0.4280.141 Safari/537.36"
::1 - - [21/Jan/2021:14:41:07 +0000] "OPTIONS /customerdetails HTTP/1.1" 200 4 "http://localhost:4200/" "Mozilla/5.0 (Windows NT 10.0; Win64; x64) AppleWebKit/537.36 (KHTML, like Gecko) Chrome/87.0.4280.141 Safari/537.36"
::1 - - [21/Jan/2021:14:41:07 +0000] "POST /customerdetails HTTP/1.1" 200 39 "http://localhost:4200/" "Mozilla/5.0 (Windows NT 10.0; Win64; x64) AppleWebKit/537.36 (KHTML, like Gecko) Chrome/87.0.4280.141 Safari/537.36"
::1 - - [21/Jan/2021:14:42:27 +0000] "OPTIONS /customerdetails HTTP/1.1" 200 4 "http://localhost:4200/" "Mozilla/5.0 (Windows NT 10.0; Win64; x64) AppleWebKit/537.36 (KHTML, like Gecko) Chrome/87.0.4280.141 Safari/537.36"
::1 - - [21/Jan/2021:14:42:27 +0000] "POST /customerdetails HTTP/1.1" 200 39 "http://localhost:4200/" "Mozilla/5.0 (Windows NT 10.0; Win64; x64) AppleWebKit/537.36 (KHTML, like Gecko) Chrome/87.0.4280.141 Safari/537.36"
::1 - - [21/Jan/2021:14:42:49 +0000] "OPTIONS /customerdetails HTTP/1.1" 200 4 "http://localhost:4200/" "Mozilla/5.0 (Windows NT 10.0; Win64; x64) AppleWebKit/537.36 (KHTML, like Gecko) Chrome/87.0.4280.141 Safari/537.36"
::1 - - [21/Jan/2021:14:42:49 +0000] "POST /customerdetails HTTP/1.1" 200 39 "http://localhost:4200/" "Mozilla/5.0 (Windows NT 10.0; Win64; x64) AppleWebKit/537.36 (KHTML, like Gecko) Chrome/87.0.4280.141 Safari/537.36"
::1 - - [21/Jan/2021:14:50:14 +0000] "OPTIONS /customerdetails HTTP/1.1" 200 4 "http://localhost:4200/" "Mozilla/5.0 (Windows NT 10.0; Win64; x64) AppleWebKit/537.36 (KHTML, like Gecko) Chrome/87.0.4280.141 Safari/537.36"
::1 - - [21/Jan/2021:14:50:14 +0000] "POST /customerdetails HTTP/1.1" 200 39 "http://localhost:4200/" "Mozilla/5.0 (Windows NT 10.0; Win64; x64) AppleWebKit/537.36 (KHTML, like Gecko) Chrome/87.0.4280.141 Safari/537.36"
::1 - - [21/Jan/2021:14:50:36 +0000] "OPTIONS /customerlogin HTTP/1.1" 200 4 "http://localhost:4200/" "Mozilla/5.0 (Windows NT 10.0; Win64; x64) AppleWebKit/537.36 (KHTML, like Gecko) Chrome/87.0.4280.141 Safari/537.36"
::1 - - [21/Jan/2021:14:50:36 +0000] "POST /customerlogin HTTP/1.1" 200 63 "http://localhost:4200/" "Mozilla/5.0 (Windows NT 10.0; Win64; x64) AppleWebKit/537.36 (KHTML, like Gecko) Chrome/87.0.4280.141 Safari/537.36"
::1 - - [21/Jan/2021:14:50:38 +0000] "POST /customerlogin HTTP/1.1" 200 63 "http://localhost:4200/" "Mozilla/5.0 (Windows NT 10.0; Win64; x64) AppleWebKit/537.36 (KHTML, like Gecko) Chrome/87.0.4280.141 Safari/537.36"
::1 - - [21/Jan/2021:14:50:39 +0000] "POST /customerlogin HTTP/1.1" 200 63 "http://localhost:4200/" "Mozilla/5.0 (Windows NT 10.0; Win64; x64) AppleWebKit/537.36 (KHTML, like Gecko) Chrome/87.0.4280.141 Safari/537.36"
::1 - - [21/Jan/2021:14:50:40 +0000] "POST /customerlogin HTTP/1.1" 200 63 "http://localhost:4200/" "Mozilla/5.0 (Windows NT 10.0; Win64; x64) AppleWebKit/537.36 (KHTML, like Gecko) Chrome/87.0.4280.141 Safari/537.36"
::1 - - [21/Jan/2021:14:50:45 +0000] "OPTIONS /customerlogin HTTP/1.1" 200 4 "http://localhost:4200/" "Mozilla/5.0 (Windows NT 10.0; Win64; x64) AppleWebKit/537.36 (KHTML, like Gecko) Chrome/87.0.4280.141 Safari/537.36"
::1 - - [21/Jan/2021:14:50:45 +0000] "POST /customerlogin HTTP/1.1" 200 63 "http://localhost:4200/" "Mozilla/5.0 (Windows NT 10.0; Win64; x64) AppleWebKit/537.36 (KHTML, like Gecko) Chrome/87.0.4280.141 Safari/537.36"
::1 - - [21/Jan/2021:14:50:47 +0000] "POST /customerlogin HTTP/1.1" 200 63 "http://localhost:4200/" "Mozilla/5.0 (Windows NT 10.0; Win64; x64) AppleWebKit/537.36 (KHTML, like Gecko) Chrome/87.0.4280.141 Safari/537.36"
::1 - - [21/Jan/2021:14:50:48 +0000] "POST /customerlogin HTTP/1.1" 200 63 "http://localhost:4200/" "Mozilla/5.0 (Windows NT 10.0; Win64; x64) AppleWebKit/537.36 (KHTML, like Gecko) Chrome/87.0.4280.141 Safari/537.36"
::1 - - [21/Jan/2021:14:50:49 +0000] "POST /customerlogin HTTP/1.1" 200 63 "http://localhost:4200/" "Mozilla/5.0 (Windows NT 10.0; Win64; x64) AppleWebKit/537.36 (KHTML, like Gecko) Chrome/87.0.4280.141 Safari/537.36"
::1 - - [21/Jan/2021:14:50:49 +0000] "POST /customerlogin HTTP/1.1" 200 63 "http://localhost:4200/" "Mozilla/5.0 (Windows NT 10.0; Win64; x64) AppleWebKit/537.36 (KHTML, like Gecko) Chrome/87.0.4280.141 Safari/537.36"
::1 - - [21/Jan/2021:14:50:49 +0000] "POST /customerlogin HTTP/1.1" 200 63 "http://localhost:4200/" "Mozilla/5.0 (Windows NT 10.0; Win64; x64) AppleWebKit/537.36 (KHTML, like Gecko) Chrome/87.0.4280.141 Safari/537.36"
::1 - - [21/Jan/2021:14:50:55 +0000] "OPTIONS /customerlogin HTTP/1.1" 200 4 "http://localhost:4200/" "Mozilla/5.0 (Windows NT 10.0; Win64; x64) AppleWebKit/537.36 (KHTML, like Gecko) Chrome/87.0.4280.141 Safari/537.36"
::1 - - [21/Jan/2021:14:50:55 +0000] "POST /customerlogin HTTP/1.1" 200 63 "http://localhost:4200/" "Mozilla/5.0 (Windows NT 10.0; Win64; x64) AppleWebKit/537.36 (KHTML, like Gecko) Chrome/87.0.4280.141 Safari/537.36"
::1 - - [21/Jan/2021:14:50:56 +0000] "POST /customerlogin HTTP/1.1" 200 63 "http://localhost:4200/" "Mozilla/5.0 (Windows NT 10.0; Win64; x64) AppleWebKit/537.36 (KHTML, like Gecko) Chrome/87.0.4280.141 Safari/537.36"
::1 - - [21/Jan/2021:14:50:56 +0000] "POST /customerlogin HTTP/1.1" 200 63 "http://localhost:4200/" "Mozilla/5.0 (Windows NT 10.0; Win64; x64) AppleWebKit/537.36 (KHTML, like Gecko) Chrome/87.0.4280.141 Safari/537.36"
::1 - - [21/Jan/2021:14:50:57 +0000] "POST /customerlogin HTTP/1.1" 200 63 "http://localhost:4200/" "Mozilla/5.0 (Windows NT 10.0; Win64; x64) AppleWebKit/537.36 (KHTML, like Gecko) Chrome/87.0.4280.141 Safari/537.36"
::1 - - [21/Jan/2021:14:56:53 +0000] "OPTIONS /customerlogin HTTP/1.1" 200 4 "http://localhost:4200/" "Mozilla/5.0 (Windows NT 10.0; Win64; x64) AppleWebKit/537.36 (KHTML, like Gecko) Chrome/87.0.4280.141 Safari/537.36"
::1 - - [21/Jan/2021:14:56:53 +0000] "POST /customerlogin HTTP/1.1" 200 63 "http://localhost:4200/" "Mozilla/5.0 (Windows NT 10.0; Win64; x64) AppleWebKit/537.36 (KHTML, like Gecko) Chrome/87.0.4280.141 Safari/537.36"
::1 - - [21/Jan/2021:14:57:31 +0000] "OPTIONS /customerlogin HTTP/1.1" 200 4 "http://localhost:4200/" "Mozilla/5.0 (Windows NT 10.0; Win64; x64) AppleWebKit/537.36 (KHTML, like Gecko) Chrome/87.0.4280.141 Safari/537.36"
::1 - - [21/Jan/2021:14:57:31 +0000] "POST /customerlogin HTTP/1.1" 200 63 "http://localhost:4200/" "Mozilla/5.0 (Windows NT 10.0; Win64; x64) AppleWebKit/537.36 (KHTML, like Gecko) Chrome/87.0.4280.141 Safari/537.36"
::1 - - [21/Jan/2021:14:57:33 +0000] "POST /customerlogin HTTP/1.1" 200 63 "http://localhost:4200/" "Mozilla/5.0 (Windows NT 10.0; Win64; x64) AppleWebKit/537.36 (KHTML, like Gecko) Chrome/87.0.4280.141 Safari/537.36"
::1 - - [21/Jan/2021:14:57:35 +0000] "POST /customerlogin HTTP/1.1" 200 63 "http://localhost:4200/" "Mozilla/5.0 (Windows NT 10.0; Win64; x64) AppleWebKit/537.36 (KHTML, like Gecko) Chrome/87.0.4280.141 Safari/537.36"
::1 - - [21/Jan/2021:14:57:35 +0000] "POST /customerlogin HTTP/1.1" 200 63 "http://localhost:4200/" "Mozilla/5.0 (Windows NT 10.0; Win64; x64) AppleWebKit/537.36 (KHTML, like Gecko) Chrome/87.0.4280.141 Safari/537.36"
::1 - - [21/Jan/2021:14:59:36 +0000] "OPTIONS /customerlogin HTTP/1.1" 200 4 "http://localhost:4200/" "Mozilla/5.0 (Windows NT 10.0; Win64; x64) AppleWebKit/537.36 (KHTML, like Gecko) Chrome/87.0.4280.141 Safari/537.36"
::1 - - [21/Jan/2021:14:59:36 +0000] "POST /customerlogin HTTP/1.1" 200 63 "http://localhost:4200/" "Mozilla/5.0 (Windows NT 10.0; Win64; x64) AppleWebKit/537.36 (KHTML, like Gecko) Chrome/87.0.4280.141 Safari/537.36"
::1 - - [21/Jan/2021:14:59:38 +0000] "POST /customerlogin HTTP/1.1" 200 63 "http://localhost:4200/" "Mozilla/5.0 (Windows NT 10.0; Win64; x64) AppleWebKit/537.36 (KHTML, like Gecko) Chrome/87.0.4280.141 Safari/537.36"
::1 - - [21/Jan/2021:14:59:39 +0000] "POST /customerlogin HTTP/1.1" 200 63 "http://localhost:4200/" "Mozilla/5.0 (Windows NT 10.0; Win64; x64) AppleWebKit/537.36 (KHTML, like Gecko) Chrome/87.0.4280.141 Safari/537.36"
::1 - - [21/Jan/2021:14:59:39 +0000] "POST /customerlogin HTTP/1.1" 200 63 "http://localhost:4200/" "Mozilla/5.0 (Windows NT 10.0; Win64; x64) AppleWebKit/537.36 (KHTML, like Gecko) Chrome/87.0.4280.141 Safari/537.36"
::1 - - [21/Jan/2021:14:59:39 +0000] "POST /customerlogin HTTP/1.1" 200 63 "http://localhost:4200/" "Mozilla/5.0 (Windows NT 10.0; Win64; x64) AppleWebKit/537.36 (KHTML, like Gecko) Chrome/87.0.4280.141 Safari/537.36"
::1 - - [21/Jan/2021:14:59:40 +0000] "POST /customerlogin HTTP/1.1" 200 63 "http://localhost:4200/" "Mozilla/5.0 (Windows NT 10.0; Win64; x64) AppleWebKit/537.36 (KHTML, like Gecko) Chrome/87.0.4280.141 Safari/537.36"
::1 - - [21/Jan/2021:14:59:40 +0000] "POST /customerlogin HTTP/1.1" 200 63 "http://localhost:4200/" "Mozilla/5.0 (Windows NT 10.0; Win64; x64) AppleWebKit/537.36 (KHTML, like Gecko) Chrome/87.0.4280.141 Safari/537.36"
::1 - - [21/Jan/2021:14:59:40 +0000] "POST /customerlogin HTTP/1.1" 200 63 "http://localhost:4200/" "Mozilla/5.0 (Windows NT 10.0; Win64; x64) AppleWebKit/537.36 (KHTML, like Gecko) Chrome/87.0.4280.141 Safari/537.36"
::1 - - [21/Jan/2021:14:59:40 +0000] "POST /customerlogin HTTP/1.1" 200 63 "http://localhost:4200/" "Mozilla/5.0 (Windows NT 10.0; Win64; x64) AppleWebKit/537.36 (KHTML, like Gecko) Chrome/87.0.4280.141 Safari/537.36"
::1 - - [21/Jan/2021:14:59:40 +0000] "POST /customerlogin HTTP/1.1" 200 63 "http://localhost:4200/" "Mozilla/5.0 (Windows NT 10.0; Win64; x64) AppleWebKit/537.36 (KHTML, like Gecko) Chrome/87.0.4280.141 Safari/537.36"
::1 - - [21/Jan/2021:14:59:40 +0000] "POST /customerlogin HTTP/1.1" 200 63 "http://localhost:4200/" "Mozilla/5.0 (Windows NT 10.0; Win64; x64) AppleWebKit/537.36 (KHTML, like Gecko) Chrome/87.0.4280.141 Safari/537.36"
::1 - - [21/Jan/2021:14:59:41 +0000] "POST /customerlogin HTTP/1.1" 200 63 "http://localhost:4200/" "Mozilla/5.0 (Windows NT 10.0; Win64; x64) AppleWebKit/537.36 (KHTML, like Gecko) Chrome/87.0.4280.141 Safari/537.36"
::1 - - [21/Jan/2021:14:59:41 +0000] "POST /customerlogin HTTP/1.1" 200 63 "http://localhost:4200/" "Mozilla/5.0 (Windows NT 10.0; Win64; x64) AppleWebKit/537.36 (KHTML, like Gecko) Chrome/87.0.4280.141 Safari/537.36"
::1 - - [21/Jan/2021:14:59:41 +0000] "POST /customerlogin HTTP/1.1" 200 63 "http://localhost:4200/" "Mozilla/5.0 (Windows NT 10.0; Win64; x64) AppleWebKit/537.36 (KHTML, like Gecko) Chrome/87.0.4280.141 Safari/537.36"
::1 - - [21/Jan/2021:14:59:41 +0000] "POST /customerlogin HTTP/1.1" 200 63 "http://localhost:4200/" "Mozilla/5.0 (Windows NT 10.0; Win64; x64) AppleWebKit/537.36 (KHTML, like Gecko) Chrome/87.0.4280.141 Safari/537.36"
::1 - - [21/Jan/2021:14:59:41 +0000] "POST /customerlogin HTTP/1.1" 200 63 "http://localhost:4200/" "Mozilla/5.0 (Windows NT 10.0; Win64; x64) AppleWebKit/537.36 (KHTML, like Gecko) Chrome/87.0.4280.141 Safari/537.36"
::1 - - [21/Jan/2021:14:59:41 +0000] "OPTIONS /customerlogin HTTP/1.1" 200 4 "http://localhost:4200/" "Mozilla/5.0 (Windows NT 10.0; Win64; x64) AppleWebKit/537.36 (KHTML, like Gecko) Chrome/87.0.4280.141 Safari/537.36"
::1 - - [21/Jan/2021:14:59:41 +0000] "POST /customerlogin HTTP/1.1" 200 63 "http://localhost:4200/" "Mozilla/5.0 (Windows NT 10.0; Win64; x64) AppleWebKit/537.36 (KHTML, like Gecko) Chrome/87.0.4280.141 Safari/537.36"
::1 - - [21/Jan/2021:14:59:48 +0000] "OPTIONS /customerlogin HTTP/1.1" 200 4 "http://localhost:4200/" "Mozilla/5.0 (Windows NT 10.0; Win64; x64) AppleWebKit/537.36 (KHTML, like Gecko) Chrome/87.0.4280.141 Safari/537.36"
::1 - - [21/Jan/2021:14:59:48 +0000] "POST /customerlogin HTTP/1.1" 200 63 "http://localhost:4200/" "Mozilla/5.0 (Windows NT 10.0; Win64; x64) AppleWebKit/537.36 (KHTML, like Gecko) Chrome/87.0.4280.141 Safari/537.36"
::1 - - [21/Jan/2021:14:59:49 +0000] "POST /customerlogin HTTP/1.1" 200 63 "http://localhost:4200/" "Mozilla/5.0 (Windows NT 10.0; Win64; x64) AppleWebKit/537.36 (KHTML, like Gecko) Chrome/87.0.4280.141 Safari/537.36"
::1 - - [21/Jan/2021:14:59:49 +0000] "POST /customerlogin HTTP/1.1" 200 63 "http://localhost:4200/" "Mozilla/5.0 (Windows NT 10.0; Win64; x64) AppleWebKit/537.36 (KHTML, like Gecko) Chrome/87.0.4280.141 Safari/537.36"
::1 - - [21/Jan/2021:14:59:50 +0000] "POST /customerlogin HTTP/1.1" 200 63 "http://localhost:4200/" "Mozilla/5.0 (Windows NT 10.0; Win64; x64) AppleWebKit/537.36 (KHTML, like Gecko) Chrome/87.0.4280.141 Safari/537.36"
::1 - - [21/Jan/2021:14:59:50 +0000] "POST /customerlogin HTTP/1.1" 200 63 "http://localhost:4200/" "Mozilla/5.0 (Windows NT 10.0; Win64; x64) AppleWebKit/537.36 (KHTML, like Gecko) Chrome/87.0.4280.141 Safari/537.36"
::1 - - [21/Jan/2021:15:00:31 +0000] "OPTIONS /customerlogin HTTP/1.1" 200 4 "http://localhost:4200/" "Mozilla/5.0 (Windows NT 10.0; Win64; x64) AppleWebKit/537.36 (KHTML, like Gecko) Chrome/87.0.4280.141 Safari/537.36"
::1 - - [21/Jan/2021:15:00:31 +0000] "POST /customerlogin HTTP/1.1" 200 63 "http://localhost:4200/" "Mozilla/5.0 (Windows NT 10.0; Win64; x64) AppleWebKit/537.36 (KHTML, like Gecko) Chrome/87.0.4280.141 Safari/537.36"
::1 - - [21/Jan/2021:15:00:32 +0000] "POST /customerlogin HTTP/1.1" 200 63 "http://localhost:4200/" "Mozilla/5.0 (Windows NT 10.0; Win64; x64) AppleWebKit/537.36 (KHTML, like Gecko) Chrome/87.0.4280.141 Safari/537.36"
::1 - - [21/Jan/2021:15:00:32 +0000] "POST /customerlogin HTTP/1.1" 200 63 "http://localhost:4200/" "Mozilla/5.0 (Windows NT 10.0; Win64; x64) AppleWebKit/537.36 (KHTML, like Gecko) Chrome/87.0.4280.141 Safari/537.36"
::1 - - [21/Jan/2021:15:00:32 +0000] "POST /customerlogin HTTP/1.1" 200 63 "http://localhost:4200/" "Mozilla/5.0 (Windows NT 10.0; Win64; x64) AppleWebKit/537.36 (KHTML, like Gecko) Chrome/87.0.4280.141 Safari/537.36"
::1 - - [21/Jan/2021:15:00:33 +0000] "POST /customerlogin HTTP/1.1" 200 63 "http://localhost:4200/" "Mozilla/5.0 (Windows NT 10.0; Win64; x64) AppleWebKit/537.36 (KHTML, like Gecko) Chrome/87.0.4280.141 Safari/537.36"
::1 - - [21/Jan/2021:15:00:33 +0000] "POST /customerlogin HTTP/1.1" 200 63 "http://localhost:4200/" "Mozilla/5.0 (Windows NT 10.0; Win64; x64) AppleWebKit/537.36 (KHTML, like Gecko) Chrome/87.0.4280.141 Safari/537.36"
::1 - - [21/Jan/2021:15:01:15 +0000] "OPTIONS /customerlogin HTTP/1.1" 200 4 "http://localhost:4200/" "Mozilla/5.0 (Windows NT 10.0; Win64; x64) AppleWebKit/537.36 (KHTML, like Gecko) Chrome/87.0.4280.141 Safari/537.36"
::1 - - [21/Jan/2021:15:01:15 +0000] "POST /customerlogin HTTP/1.1" 200 63 "http://localhost:4200/" "Mozilla/5.0 (Windows NT 10.0; Win64; x64) AppleWebKit/537.36 (KHTML, like Gecko) Chrome/87.0.4280.141 Safari/537.36"
::1 - - [21/Jan/2021:15:07:12 +0000] "OPTIONS /customerlogin HTTP/1.1" 200 4 "http://localhost:4200/" "Mozilla/5.0 (Windows NT 10.0; Win64; x64) AppleWebKit/537.36 (KHTML, like Gecko) Chrome/87.0.4280.141 Safari/537.36"
::1 - - [21/Jan/2021:15:07:12 +0000] "POST /customerlogin HTTP/1.1" 200 63 "http://localhost:4200/" "Mozilla/5.0 (Windows NT 10.0; Win64; x64) AppleWebKit/537.36 (KHTML, like Gecko) Chrome/87.0.4280.141 Safari/537.36"
::1 - - [21/Jan/2021:15:07:15 +0000] "POST /customerlogin HTTP/1.1" 200 63 "http://localhost:4200/" "Mozilla/5.0 (Windows NT 10.0; Win64; x64) AppleWebKit/537.36 (KHTML, like Gecko) Chrome/87.0.4280.141 Safari/537.36"
::1 - - [21/Jan/2021:15:11:03 +0000] "GET /customerdetails HTTP/1.1" 404 154 "http://localhost:4200/" "Mozilla/5.0 (Windows NT 10.0; Win64; x64) AppleWebKit/537.36 (KHTML, like Gecko) Chrome/87.0.4280.141 Safari/537.36"
::1 - - [21/Jan/2021:15:11:36 +0000] "POST /customerdetails HTTP/1.1" 200 46 "http://localhost:4200/" "Mozilla/5.0 (Windows NT 10.0; Win64; x64) AppleWebKit/537.36 (KHTML, like Gecko) Chrome/87.0.4280.141 Safari/537.36"
::1 - - [21/Jan/2021:15:12:07 +0000] "POST /customerdetails HTTP/1.1" 200 46 "http://localhost:4200/" "Mozilla/5.0 (Windows NT 10.0; Win64; x64) AppleWebKit/537.36 (KHTML, like Gecko) Chrome/87.0.4280.141 Safari/537.36"
::1 - - [21/Jan/2021:15:13:43 +0000] "OPTIONS /customerlogin HTTP/1.1" 200 4 "http://localhost:4200/" "Mozilla/5.0 (Windows NT 10.0; Win64; x64) AppleWebKit/537.36 (KHTML, like Gecko) Chrome/87.0.4280.141 Safari/537.36"
::1 - - [21/Jan/2021:15:13:43 +0000] "POST /customerlogin HTTP/1.1" 200 63 "http://localhost:4200/" "Mozilla/5.0 (Windows NT 10.0; Win64; x64) AppleWebKit/537.36 (KHTML, like Gecko) Chrome/87.0.4280.141 Safari/537.36"
::1 - - [21/Jan/2021:15:13:46 +0000] "POST /customerlogin HTTP/1.1" 200 63 "http://localhost:4200/" "Mozilla/5.0 (Windows NT 10.0; Win64; x64) AppleWebKit/537.36 (KHTML, like Gecko) Chrome/87.0.4280.141 Safari/537.36"
::1 - - [21/Jan/2021:15:13:47 +0000] "POST /customerlogin HTTP/1.1" 200 63 "http://localhost:4200/" "Mozilla/5.0 (Windows NT 10.0; Win64; x64) AppleWebKit/537.36 (KHTML, like Gecko) Chrome/87.0.4280.141 Safari/537.36"
::1 - - [21/Jan/2021:15:13:47 +0000] "POST /customerlogin HTTP/1.1" 200 63 "http://localhost:4200/" "Mozilla/5.0 (Windows NT 10.0; Win64; x64) AppleWebKit/537.36 (KHTML, like Gecko) Chrome/87.0.4280.141 Safari/537.36"
::1 - - [21/Jan/2021:15:13:48 +0000] "POST /customerlogin HTTP/1.1" 200 63 "http://localhost:4200/" "Mozilla/5.0 (Windows NT 10.0; Win64; x64) AppleWebKit/537.36 (KHTML, like Gecko) Chrome/87.0.4280.141 Safari/537.36"
::1 - - [21/Jan/2021:15:13:48 +0000] "POST /customerlogin HTTP/1.1" 200 63 "http://localhost:4200/" "Mozilla/5.0 (Windows NT 10.0; Win64; x64) AppleWebKit/537.36 (KHTML, like Gecko) Chrome/87.0.4280.141 Safari/537.36"
::1 - - [21/Jan/2021:15:13:48 +0000] "POST /customerlogin HTTP/1.1" 200 63 "http://localhost:4200/" "Mozilla/5.0 (Windows NT 10.0; Win64; x64) AppleWebKit/537.36 (KHTML, like Gecko) Chrome/87.0.4280.141 Safari/537.36"
::1 - - [21/Jan/2021:15:13:48 +0000] "POST /customerlogin HTTP/1.1" 200 63 "http://localhost:4200/" "Mozilla/5.0 (Windows NT 10.0; Win64; x64) AppleWebKit/537.36 (KHTML, like Gecko) Chrome/87.0.4280.141 Safari/537.36"
::1 - - [21/Jan/2021:15:13:48 +0000] "POST /customerlogin HTTP/1.1" 200 63 "http://localhost:4200/" "Mozilla/5.0 (Windows NT 10.0; Win64; x64) AppleWebKit/537.36 (KHTML, like Gecko) Chrome/87.0.4280.141 Safari/537.36"
::1 - - [21/Jan/2021:15:13:48 +0000] "POST /customerlogin HTTP/1.1" 200 63 "http://localhost:4200/" "Mozilla/5.0 (Windows NT 10.0; Win64; x64) AppleWebKit/537.36 (KHTML, like Gecko) Chrome/87.0.4280.141 Safari/537.36"
::1 - - [21/Jan/2021:15:13:48 +0000] "OPTIONS /customerlogin HTTP/1.1" 200 4 "http://localhost:4200/" "Mozilla/5.0 (Windows NT 10.0; Win64; x64) AppleWebKit/537.36 (KHTML, like Gecko) Chrome/87.0.4280.141 Safari/537.36"
::1 - - [21/Jan/2021:15:13:48 +0000] "POST /customerlogin HTTP/1.1" 200 63 "http://localhost:4200/" "Mozilla/5.0 (Windows NT 10.0; Win64; x64) AppleWebKit/537.36 (KHTML, like Gecko) Chrome/87.0.4280.141 Safari/537.36"
::1 - - [21/Jan/2021:15:13:49 +0000] "POST /customerlogin HTTP/1.1" 200 63 "http://localhost:4200/" "Mozilla/5.0 (Windows NT 10.0; Win64; x64) AppleWebKit/537.36 (KHTML, like Gecko) Chrome/87.0.4280.141 Safari/537.36"
::1 - - [21/Jan/2021:15:14:12 +0000] "OPTIONS /customerlogin HTTP/1.1" 200 4 "http://localhost:4200/" "Mozilla/5.0 (Windows NT 10.0; Win64; x64) AppleWebKit/537.36 (KHTML, like Gecko) Chrome/87.0.4280.141 Safari/537.36"
::1 - - [21/Jan/2021:15:14:12 +0000] "POST /customerlogin HTTP/1.1" 200 63 "http://localhost:4200/" "Mozilla/5.0 (Windows NT 10.0; Win64; x64) AppleWebKit/537.36 (KHTML, like Gecko) Chrome/87.0.4280.141 Safari/537.36"
::1 - - [21/Jan/2021:15:14:15 +0000] "POST /customerlogin HTTP/1.1" 200 63 "http://localhost:4200/" "Mozilla/5.0 (Windows NT 10.0; Win64; x64) AppleWebKit/537.36 (KHTML, like Gecko) Chrome/87.0.4280.141 Safari/537.36"
::1 - - [21/Jan/2021:15:14:16 +0000] "POST /customerlogin HTTP/1.1" 200 63 "http://localhost:4200/" "Mozilla/5.0 (Windows NT 10.0; Win64; x64) AppleWebKit/537.36 (KHTML, like Gecko) Chrome/87.0.4280.141 Safari/537.36"
::1 - - [21/Jan/2021:15:14:16 +0000] "POST /customerlogin HTTP/1.1" 200 63 "http://localhost:4200/" "Mozilla/5.0 (Windows NT 10.0; Win64; x64) AppleWebKit/537.36 (KHTML, like Gecko) Chrome/87.0.4280.141 Safari/537.36"
::1 - - [21/Jan/2021:15:15:12 +0000] "OPTIONS /customerlogin HTTP/1.1" 200 4 "http://localhost:4200/" "Mozilla/5.0 (Windows NT 10.0; Win64; x64) AppleWebKit/537.36 (KHTML, like Gecko) Chrome/87.0.4280.141 Safari/537.36"
::1 - - [21/Jan/2021:15:15:12 +0000] "POST /customerlogin HTTP/1.1" 200 63 "http://localhost:4200/" "Mozilla/5.0 (Windows NT 10.0; Win64; x64) AppleWebKit/537.36 (KHTML, like Gecko) Chrome/87.0.4280.141 Safari/537.36"
::1 - - [21/Jan/2021:16:25:07 +0000] "OPTIONS /customerlogin HTTP/1.1" 200 4 "http://localhost:4200/" "Mozilla/5.0 (Windows NT 10.0; Win64; x64) AppleWebKit/537.36 (KHTML, like Gecko) Chrome/87.0.4280.141 Safari/537.36"
::1 - - [21/Jan/2021:16:25:07 +0000] "POST /customerlogin HTTP/1.1" 200 63 "http://localhost:4200/" "Mozilla/5.0 (Windows NT 10.0; Win64; x64) AppleWebKit/537.36 (KHTML, like Gecko) Chrome/87.0.4280.141 Safari/537.36"
::1 - - [21/Jan/2021:16:25:08 +0000] "POST /customerlogin HTTP/1.1" 200 63 "http://localhost:4200/" "Mozilla/5.0 (Windows NT 10.0; Win64; x64) AppleWebKit/537.36 (KHTML, like Gecko) Chrome/87.0.4280.141 Safari/537.36"
::1 - - [21/Jan/2021:16:25:46 +0000] "OPTIONS /customerlogin HTTP/1.1" 200 4 "http://localhost:4200/" "Mozilla/5.0 (Windows NT 10.0; Win64; x64) AppleWebKit/537.36 (KHTML, like Gecko) Chrome/87.0.4280.141 Safari/537.36"
::1 - - [21/Jan/2021:16:25:46 +0000] "POST /customerlogin HTTP/1.1" 200 63 "http://localhost:4200/" "Mozilla/5.0 (Windows NT 10.0; Win64; x64) AppleWebKit/537.36 (KHTML, like Gecko) Chrome/87.0.4280.141 Safari/537.36"
::1 - - [21/Jan/2021:16:25:47 +0000] "POST /customerlogin HTTP/1.1" 200 63 "http://localhost:4200/" "Mozilla/5.0 (Windows NT 10.0; Win64; x64) AppleWebKit/537.36 (KHTML, like Gecko) Chrome/87.0.4280.141 Safari/537.36"
::1 - - [21/Jan/2021:16:25:47 +0000] "POST /customerlogin HTTP/1.1" 200 63 "http://localhost:4200/" "Mozilla/5.0 (Windows NT 10.0; Win64; x64) AppleWebKit/537.36 (KHTML, like Gecko) Chrome/87.0.4280.141 Safari/537.36"
::1 - - [21/Jan/2021:16:25:48 +0000] "POST /customerlogin HTTP/1.1" 200 63 "http://localhost:4200/" "Mozilla/5.0 (Windows NT 10.0; Win64; x64) AppleWebKit/537.36 (KHTML, like Gecko) Chrome/87.0.4280.141 Safari/537.36"
::1 - - [21/Jan/2021:16:27:46 +0000] "OPTIONS /customerlogin HTTP/1.1" 200 4 "http://localhost:4200/" "Mozilla/5.0 (Windows NT 10.0; Win64; x64) AppleWebKit/537.36 (KHTML, like Gecko) Chrome/87.0.4280.141 Safari/537.36"
::1 - - [21/Jan/2021:16:27:46 +0000] "POST /customerlogin HTTP/1.1" 200 43 "http://localhost:4200/" "Mozilla/5.0 (Windows NT 10.0; Win64; x64) AppleWebKit/537.36 (KHTML, like Gecko) Chrome/87.0.4280.141 Safari/537.36"
::1 - - [21/Jan/2021:16:29:52 +0000] "OPTIONS /customerlogin HTTP/1.1" 200 4 "http://localhost:4200/" "Mozilla/5.0 (Windows NT 10.0; Win64; x64) AppleWebKit/537.36 (KHTML, like Gecko) Chrome/87.0.4280.141 Safari/537.36"
::1 - - [21/Jan/2021:16:29:52 +0000] "POST /customerlogin HTTP/1.1" 200 43 "http://localhost:4200/" "Mozilla/5.0 (Windows NT 10.0; Win64; x64) AppleWebKit/537.36 (KHTML, like Gecko) Chrome/87.0.4280.141 Safari/537.36"
::1 - - [21/Jan/2021:16:31:31 +0000] "OPTIONS /customerlogin HTTP/1.1" 200 4 "http://localhost:4200/" "Mozilla/5.0 (Windows NT 10.0; Win64; x64) AppleWebKit/537.36 (KHTML, like Gecko) Chrome/87.0.4280.141 Safari/537.36"
::1 - - [21/Jan/2021:16:31:31 +0000] "POST /customerlogin HTTP/1.1" 200 63 "http://localhost:4200/" "Mozilla/5.0 (Windows NT 10.0; Win64; x64) AppleWebKit/537.36 (KHTML, like Gecko) Chrome/87.0.4280.141 Safari/537.36"
::1 - - [21/Jan/2021:16:31:33 +0000] "POST /customerlogin HTTP/1.1" 200 63 "http://localhost:4200/" "Mozilla/5.0 (Windows NT 10.0; Win64; x64) AppleWebKit/537.36 (KHTML, like Gecko) Chrome/87.0.4280.141 Safari/537.36"
::1 - - [21/Jan/2021:16:31:34 +0000] "POST /customerlogin HTTP/1.1" 200 63 "http://localhost:4200/" "Mozilla/5.0 (Windows NT 10.0; Win64; x64) AppleWebKit/537.36 (KHTML, like Gecko) Chrome/87.0.4280.141 Safari/537.36"
::1 - - [21/Jan/2021:16:31:35 +0000] "POST /customerlogin HTTP/1.1" 200 63 "http://localhost:4200/" "Mozilla/5.0 (Windows NT 10.0; Win64; x64) AppleWebKit/537.36 (KHTML, like Gecko) Chrome/87.0.4280.141 Safari/537.36"
::1 - - [21/Jan/2021:16:31:35 +0000] "POST /customerlogin HTTP/1.1" 200 63 "http://localhost:4200/" "Mozilla/5.0 (Windows NT 10.0; Win64; x64) AppleWebKit/537.36 (KHTML, like Gecko) Chrome/87.0.4280.141 Safari/537.36"
::1 - - [21/Jan/2021:16:31:35 +0000] "POST /customerlogin HTTP/1.1" 200 63 "http://localhost:4200/" "Mozilla/5.0 (Windows NT 10.0; Win64; x64) AppleWebKit/537.36 (KHTML, like Gecko) Chrome/87.0.4280.141 Safari/537.36"
::1 - - [21/Jan/2021:16:32:35 +0000] "OPTIONS /customerlogin HTTP/1.1" 200 4 "http://localhost:4200/" "Mozilla/5.0 (Windows NT 10.0; Win64; x64) AppleWebKit/537.36 (KHTML, like Gecko) Chrome/87.0.4280.141 Safari/537.36"
::1 - - [21/Jan/2021:16:32:35 +0000] "POST /customerlogin HTTP/1.1" 200 63 "http://localhost:4200/" "Mozilla/5.0 (Windows NT 10.0; Win64; x64) AppleWebKit/537.36 (KHTML, like Gecko) Chrome/87.0.4280.141 Safari/537.36"
::1 - - [21/Jan/2021:16:32:37 +0000] "POST /customerlogin HTTP/1.1" 200 63 "http://localhost:4200/" "Mozilla/5.0 (Windows NT 10.0; Win64; x64) AppleWebKit/537.36 (KHTML, like Gecko) Chrome/87.0.4280.141 Safari/537.36"
::1 - - [21/Jan/2021:16:32:38 +0000] "POST /customerlogin HTTP/1.1" 200 63 "http://localhost:4200/" "Mozilla/5.0 (Windows NT 10.0; Win64; x64) AppleWebKit/537.36 (KHTML, like Gecko) Chrome/87.0.4280.141 Safari/537.36"
::1 - - [21/Jan/2021:16:32:38 +0000] "POST /customerlogin HTTP/1.1" 200 63 "http://localhost:4200/" "Mozilla/5.0 (Windows NT 10.0; Win64; x64) AppleWebKit/537.36 (KHTML, like Gecko) Chrome/87.0.4280.141 Safari/537.36"
::1 - - [21/Jan/2021:16:32:38 +0000] "POST /customerlogin HTTP/1.1" 200 63 "http://localhost:4200/" "Mozilla/5.0 (Windows NT 10.0; Win64; x64) AppleWebKit/537.36 (KHTML, like Gecko) Chrome/87.0.4280.141 Safari/537.36"
::1 - - [21/Jan/2021:16:52:12 +0000] "GET /customerdetails HTTP/1.1" 200 358 "-" "PostmanRuntime/7.26.8"
::1 - - [21/Jan/2021:16:53:06 +0000] "OPTIONS /customerlogin HTTP/1.1" 200 4 "http://localhost:4200/" "Mozilla/5.0 (Windows NT 10.0; Win64; x64) AppleWebKit/537.36 (KHTML, like Gecko) Chrome/87.0.4280.141 Safari/537.36"
::1 - - [21/Jan/2021:16:53:06 +0000] "POST /customerlogin HTTP/1.1" 200 63 "http://localhost:4200/" "Mozilla/5.0 (Windows NT 10.0; Win64; x64) AppleWebKit/537.36 (KHTML, like Gecko) Chrome/87.0.4280.141 Safari/537.36"
::1 - - [21/Jan/2021:16:53:08 +0000] "POST /customerlogin HTTP/1.1" 200 63 "http://localhost:4200/" "Mozilla/5.0 (Windows NT 10.0; Win64; x64) AppleWebKit/537.36 (KHTML, like Gecko) Chrome/87.0.4280.141 Safari/537.36"
::1 - - [21/Jan/2021:16:53:08 +0000] "POST /customerlogin HTTP/1.1" 200 63 "http://localhost:4200/" "Mozilla/5.0 (Windows NT 10.0; Win64; x64) AppleWebKit/537.36 (KHTML, like Gecko) Chrome/87.0.4280.141 Safari/537.36"
::1 - - [21/Jan/2021:16:53:08 +0000] "POST /customerlogin HTTP/1.1" 200 63 "http://localhost:4200/" "Mozilla/5.0 (Windows NT 10.0; Win64; x64) AppleWebKit/537.36 (KHTML, like Gecko) Chrome/87.0.4280.141 Safari/537.36"
::1 - - [21/Jan/2021:16:53:09 +0000] "POST /customerlogin HTTP/1.1" 200 63 "http://localhost:4200/" "Mozilla/5.0 (Windows NT 10.0; Win64; x64) AppleWebKit/537.36 (KHTML, like Gecko) Chrome/87.0.4280.141 Safari/537.36"
::1 - - [21/Jan/2021:16:53:09 +0000] "POST /customerlogin HTTP/1.1" 200 63 "http://localhost:4200/" "Mozilla/5.0 (Windows NT 10.0; Win64; x64) AppleWebKit/537.36 (KHTML, like Gecko) Chrome/87.0.4280.141 Safari/537.36"
::1 - - [21/Jan/2021:16:53:09 +0000] "POST /customerlogin HTTP/1.1" 200 63 "http://localhost:4200/" "Mozilla/5.0 (Windows NT 10.0; Win64; x64) AppleWebKit/537.36 (KHTML, like Gecko) Chrome/87.0.4280.141 Safari/537.36"
::1 - - [21/Jan/2021:16:54:43 +0000] "OPTIONS /customerlogin HTTP/1.1" 200 4 "http://localhost:4200/" "Mozilla/5.0 (Windows NT 10.0; Win64; x64) AppleWebKit/537.36 (KHTML, like Gecko) Chrome/87.0.4280.141 Safari/537.36"
::1 - - [21/Jan/2021:16:54:43 +0000] "POST /customerlogin HTTP/1.1" 200 63 "http://localhost:4200/" "Mozilla/5.0 (Windows NT 10.0; Win64; x64) AppleWebKit/537.36 (KHTML, like Gecko) Chrome/87.0.4280.141 Safari/537.36"
::1 - - [21/Jan/2021:16:54:44 +0000] "POST /customerlogin HTTP/1.1" 200 63 "http://localhost:4200/" "Mozilla/5.0 (Windows NT 10.0; Win64; x64) AppleWebKit/537.36 (KHTML, like Gecko) Chrome/87.0.4280.141 Safari/537.36"
::1 - - [21/Jan/2021:16:54:44 +0000] "POST /customerlogin HTTP/1.1" 200 63 "http://localhost:4200/" "Mozilla/5.0 (Windows NT 10.0; Win64; x64) AppleWebKit/537.36 (KHTML, like Gecko) Chrome/87.0.4280.141 Safari/537.36"
::1 - - [21/Jan/2021:16:54:44 +0000] "POST /customerlogin HTTP/1.1" 200 63 "http://localhost:4200/" "Mozilla/5.0 (Windows NT 10.0; Win64; x64) AppleWebKit/537.36 (KHTML, like Gecko) Chrome/87.0.4280.141 Safari/537.36"
::1 - - [21/Jan/2021:16:54:53 +0000] "OPTIONS /customerlogin HTTP/1.1" 200 4 "http://localhost:4200/" "Mozilla/5.0 (Windows NT 10.0; Win64; x64) AppleWebKit/537.36 (KHTML, like Gecko) Chrome/87.0.4280.141 Safari/537.36"
::1 - - [21/Jan/2021:16:54:53 +0000] "POST /customerlogin HTTP/1.1" 200 63 "http://localhost:4200/" "Mozilla/5.0 (Windows NT 10.0; Win64; x64) AppleWebKit/537.36 (KHTML, like Gecko) Chrome/87.0.4280.141 Safari/537.36"
::1 - - [21/Jan/2021:16:55:44 +0000] "OPTIONS /customerlogin HTTP/1.1" 200 4 "http://localhost:4200/" "Mozilla/5.0 (Windows NT 10.0; Win64; x64) AppleWebKit/537.36 (KHTML, like Gecko) Chrome/87.0.4280.141 Safari/537.36"
::1 - - [21/Jan/2021:16:55:44 +0000] "POST /customerlogin HTTP/1.1" 200 63 "http://localhost:4200/" "Mozilla/5.0 (Windows NT 10.0; Win64; x64) AppleWebKit/537.36 (KHTML, like Gecko) Chrome/87.0.4280.141 Safari/537.36"
::1 - - [21/Jan/2021:16:56:54 +0000] "OPTIONS /customerlogin HTTP/1.1" 200 4 "http://localhost:4200/" "Mozilla/5.0 (Windows NT 10.0; Win64; x64) AppleWebKit/537.36 (KHTML, like Gecko) Chrome/87.0.4280.141 Safari/537.36"
::1 - - [21/Jan/2021:16:56:54 +0000] "POST /customerlogin HTTP/1.1" 200 63 "http://localhost:4200/" "Mozilla/5.0 (Windows NT 10.0; Win64; x64) AppleWebKit/537.36 (KHTML, like Gecko) Chrome/87.0.4280.141 Safari/537.36"
::1 - - [21/Jan/2021:16:56:55 +0000] "GET /customerdetails HTTP/1.1" 200 358 "http://localhost:4200/" "Mozilla/5.0 (Windows NT 10.0; Win64; x64) AppleWebKit/537.36 (KHTML, like Gecko) Chrome/87.0.4280.141 Safari/537.36"
::1 - - [21/Jan/2021:17:01:47 +0000] "OPTIONS /customerlogin HTTP/1.1" 200 4 "http://localhost:4200/" "Mozilla/5.0 (Windows NT 10.0; Win64; x64) AppleWebKit/537.36 (KHTML, like Gecko) Chrome/87.0.4280.141 Safari/537.36"
::1 - - [21/Jan/2021:17:01:47 +0000] "POST /customerlogin HTTP/1.1" 200 63 "http://localhost:4200/" "Mozilla/5.0 (Windows NT 10.0; Win64; x64) AppleWebKit/537.36 (KHTML, like Gecko) Chrome/87.0.4280.141 Safari/537.36"
::1 - - [21/Jan/2021:17:01:47 +0000] "GET /customerdetails HTTP/1.1" 304 - "http://localhost:4200/" "Mozilla/5.0 (Windows NT 10.0; Win64; x64) AppleWebKit/537.36 (KHTML, like Gecko) Chrome/87.0.4280.141 Safari/537.36"
::1 - - [21/Jan/2021:17:04:33 +0000] "GET /customerdetails HTTP/1.1" 304 - "http://localhost:4200/" "Mozilla/5.0 (Windows NT 10.0; Win64; x64) AppleWebKit/537.36 (KHTML, like Gecko) Chrome/87.0.4280.141 Safari/537.36"
::1 - - [21/Jan/2021:17:05:00 +0000] "GET /customerdetails HTTP/1.1" 304 - "http://localhost:4200/" "Mozilla/5.0 (Windows NT 10.0; Win64; x64) AppleWebKit/537.36 (KHTML, like Gecko) Chrome/87.0.4280.141 Safari/537.36"
::1 - - [21/Jan/2021:17:05:02 +0000] "GET /customerdetails HTTP/1.1" 304 - "http://localhost:4200/" "Mozilla/5.0 (Windows NT 10.0; Win64; x64) AppleWebKit/537.36 (KHTML, like Gecko) Chrome/87.0.4280.141 Safari/537.36"
::1 - - [21/Jan/2021:17:06:10 +0000] "GET /customerdetails HTTP/1.1" 304 - "http://localhost:4200/" "Mozilla/5.0 (Windows NT 10.0; Win64; x64) AppleWebKit/537.36 (KHTML, like Gecko) Chrome/87.0.4280.141 Safari/537.36"
::1 - - [21/Jan/2021:17:06:24 +0000] "GET /customerdetails HTTP/1.1" 304 - "http://localhost:4200/" "Mozilla/5.0 (Windows NT 10.0; Win64; x64) AppleWebKit/537.36 (KHTML, like Gecko) Chrome/87.0.4280.141 Safari/537.36"
::1 - - [21/Jan/2021:17:06:53 +0000] "GET /customerdetails HTTP/1.1" 304 - "http://localhost:4200/" "Mozilla/5.0 (Windows NT 10.0; Win64; x64) AppleWebKit/537.36 (KHTML, like Gecko) Chrome/87.0.4280.141 Safari/537.36"
::1 - - [21/Jan/2021:17:07:14 +0000] "GET /customerdetails HTTP/1.1" 304 - "http://localhost:4200/" "Mozilla/5.0 (Windows NT 10.0; Win64; x64) AppleWebKit/537.36 (KHTML, like Gecko) Chrome/87.0.4280.141 Safari/537.36"
::1 - - [21/Jan/2021:17:07:21 +0000] "GET /customerdetails HTTP/1.1" 304 - "http://localhost:4200/" "Mozilla/5.0 (Windows NT 10.0; Win64; x64) AppleWebKit/537.36 (KHTML, like Gecko) Chrome/87.0.4280.141 Safari/537.36"
::1 - - [21/Jan/2021:17:07:53 +0000] "GET /customerdetails HTTP/1.1" 304 - "http://localhost:4200/" "Mozilla/5.0 (Windows NT 10.0; Win64; x64) AppleWebKit/537.36 (KHTML, like Gecko) Chrome/87.0.4280.141 Safari/537.36"
::1 - - [21/Jan/2021:17:24:29 +0000] "OPTIONS /createcustomers HTTP/1.1" 404 158 "http://localhost:4200/" "Mozilla/5.0 (Windows NT 10.0; Win64; x64) AppleWebKit/537.36 (KHTML, like Gecko) Chrome/87.0.4280.141 Safari/537.36"
::1 - - [22/Jan/2021:02:35:52 +0000] "OPTIONS /createcustomers HTTP/1.1" 404 158 "http://localhost:4200/" "Mozilla/5.0 (Windows NT 10.0; Win64; x64) AppleWebKit/537.36 (KHTML, like Gecko) Chrome/87.0.4280.141 Safari/537.36"
::1 - - [22/Jan/2021:02:37:40 +0000] "OPTIONS /createcustomer HTTP/1.1" 200 4 "http://localhost:4200/" "Mozilla/5.0 (Windows NT 10.0; Win64; x64) AppleWebKit/537.36 (KHTML, like Gecko) Chrome/87.0.4280.141 Safari/537.36"
::1 - - [22/Jan/2021:02:37:40 +0000] "POST /createcustomer HTTP/1.1" 200 46 "http://localhost:4200/" "Mozilla/5.0 (Windows NT 10.0; Win64; x64) AppleWebKit/537.36 (KHTML, like Gecko) Chrome/87.0.4280.141 Safari/537.36"
::1 - - [22/Jan/2021:02:38:08 +0000] "OPTIONS /customerlogin HTTP/1.1" 200 4 "http://localhost:4200/" "Mozilla/5.0 (Windows NT 10.0; Win64; x64) AppleWebKit/537.36 (KHTML, like Gecko) Chrome/87.0.4280.141 Safari/537.36"
::1 - - [22/Jan/2021:02:38:08 +0000] "POST /customerlogin HTTP/1.1" 200 66 "http://localhost:4200/" "Mozilla/5.0 (Windows NT 10.0; Win64; x64) AppleWebKit/537.36 (KHTML, like Gecko) Chrome/87.0.4280.141 Safari/537.36"
::1 - - [22/Jan/2021:02:38:08 +0000] "GET /customerdetails HTTP/1.1" 200 658 "http://localhost:4200/" "Mozilla/5.0 (Windows NT 10.0; Win64; x64) AppleWebKit/537.36 (KHTML, like Gecko) Chrome/87.0.4280.141 Safari/537.36"
::1 - - [22/Jan/2021:03:09:20 +0000] "OPTIONS /customerlogin HTTP/1.1" 200 4 "http://localhost:4200/" "Mozilla/5.0 (Windows NT 10.0; Win64; x64) AppleWebKit/537.36 (KHTML, like Gecko) Chrome/87.0.4280.141 Safari/537.36"
::1 - - [22/Jan/2021:03:09:20 +0000] "POST /customerlogin HTTP/1.1" 200 63 "http://localhost:4200/" "Mozilla/5.0 (Windows NT 10.0; Win64; x64) AppleWebKit/537.36 (KHTML, like Gecko) Chrome/87.0.4280.141 Safari/537.36"
::1 - - [22/Jan/2021:03:09:20 +0000] "GET /customerdetails HTTP/1.1" 304 - "http://localhost:4200/" "Mozilla/5.0 (Windows NT 10.0; Win64; x64) AppleWebKit/537.36 (KHTML, like Gecko) Chrome/87.0.4280.141 Safari/537.36"
::1 - - [22/Jan/2021:03:09:55 +0000] "GET /customerdetails HTTP/1.1" 304 - "http://localhost:4200/" "Mozilla/5.0 (Windows NT 10.0; Win64; x64) AppleWebKit/537.36 (KHTML, like Gecko) Chrome/87.0.4280.141 Safari/537.36"
::1 - - [22/Jan/2021:03:10:54 +0000] "GET /customerdetails HTTP/1.1" 304 - "http://localhost:4200/" "Mozilla/5.0 (Windows NT 10.0; Win64; x64) AppleWebKit/537.36 (KHTML, like Gecko) Chrome/87.0.4280.141 Safari/537.36"
::1 - - [22/Jan/2021:03:11:05 +0000] "GET /customerdetails HTTP/1.1" 304 - "http://localhost:4200/" "Mozilla/5.0 (Windows NT 10.0; Win64; x64) AppleWebKit/537.36 (KHTML, like Gecko) Chrome/87.0.4280.141 Safari/537.36"
::1 - - [22/Jan/2021:03:13:03 +0000] "OPTIONS /customerlogin HTTP/1.1" 200 4 "http://localhost:4200/" "Mozilla/5.0 (Windows NT 10.0; Win64; x64) AppleWebKit/537.36 (KHTML, like Gecko) Chrome/87.0.4280.141 Safari/537.36"
::1 - - [22/Jan/2021:03:13:03 +0000] "POST /customerlogin HTTP/1.1" 200 63 "http://localhost:4200/" "Mozilla/5.0 (Windows NT 10.0; Win64; x64) AppleWebKit/537.36 (KHTML, like Gecko) Chrome/87.0.4280.141 Safari/537.36"
::1 - - [22/Jan/2021:03:13:03 +0000] "GET /customerdetails HTTP/1.1" 304 - "http://localhost:4200/" "Mozilla/5.0 (Windows NT 10.0; Win64; x64) AppleWebKit/537.36 (KHTML, like Gecko) Chrome/87.0.4280.141 Safari/537.36"
::1 - - [22/Jan/2021:03:13:51 +0000] "GET /customerdetails HTTP/1.1" 304 - "http://localhost:4200/" "Mozilla/5.0 (Windows NT 10.0; Win64; x64) AppleWebKit/537.36 (KHTML, like Gecko) Chrome/87.0.4280.141 Safari/537.36"
::1 - - [22/Jan/2021:03:14:42 +0000] "GET /customerdetails HTTP/1.1" 304 - "http://localhost:4200/" "Mozilla/5.0 (Windows NT 10.0; Win64; x64) AppleWebKit/537.36 (KHTML, like Gecko) Chrome/87.0.4280.141 Safari/537.36"
::1 - - [22/Jan/2021:03:15:27 +0000] "GET /customerdetails HTTP/1.1" 304 - "http://localhost:4200/" "Mozilla/5.0 (Windows NT 10.0; Win64; x64) AppleWebKit/537.36 (KHTML, like Gecko) Chrome/87.0.4280.141 Safari/537.36"
::1 - - [22/Jan/2021:03:15:41 +0000] "GET /customerdetails HTTP/1.1" 304 - "http://localhost:4200/" "Mozilla/5.0 (Windows NT 10.0; Win64; x64) AppleWebKit/537.36 (KHTML, like Gecko) Chrome/87.0.4280.141 Safari/537.36"
::1 - - [22/Jan/2021:03:15:42 +0000] "GET /customerdetails HTTP/1.1" 304 - "http://localhost:4200/" "Mozilla/5.0 (Windows NT 10.0; Win64; x64) AppleWebKit/537.36 (KHTML, like Gecko) Chrome/87.0.4280.141 Safari/537.36"
::1 - - [22/Jan/2021:03:16:46 +0000] "GET /customerdetails HTTP/1.1" 304 - "http://localhost:4200/" "Mozilla/5.0 (Windows NT 10.0; Win64; x64) AppleWebKit/537.36 (KHTML, like Gecko) Chrome/87.0.4280.141 Safari/537.36"
::1 - - [22/Jan/2021:06:33:17 +0000] "GET /customerdetails HTTP/1.1" 304 - "http://localhost:4200/" "Mozilla/5.0 (Windows NT 10.0; Win64; x64) AppleWebKit/537.36 (KHTML, like Gecko) Chrome/87.0.4280.141 Safari/537.36"
::1 - - [22/Jan/2021:06:34:12 +0000] "GET /customerdetails HTTP/1.1" 304 - "http://localhost:4200/" "Mozilla/5.0 (Windows NT 10.0; Win64; x64) AppleWebKit/537.36 (KHTML, like Gecko) Chrome/87.0.4280.141 Safari/537.36"
::1 - - [22/Jan/2021:06:41:10 +0000] "GET /customerdetails HTTP/1.1" 304 - "http://localhost:4200/" "Mozilla/5.0 (Windows NT 10.0; Win64; x64) AppleWebKit/537.36 (KHTML, like Gecko) Chrome/87.0.4280.141 Safari/537.36"
::1 - - [22/Jan/2021:06:44:04 +0000] "GET /customerdetails HTTP/1.1" 304 - "http://localhost:4200/" "Mozilla/5.0 (Windows NT 10.0; Win64; x64) AppleWebKit/537.36 (KHTML, like Gecko) Chrome/87.0.4280.141 Safari/537.36"
::1 - - [22/Jan/2021:06:46:20 +0000] "GET /customerdetails HTTP/1.1" 304 - "http://localhost:4200/" "Mozilla/5.0 (Windows NT 10.0; Win64; x64) AppleWebKit/537.36 (KHTML, like Gecko) Chrome/87.0.4280.141 Safari/537.36"
::1 - - [22/Jan/2021:06:49:02 +0000] "GET /customerdetails HTTP/1.1" 304 - "http://localhost:4200/" "Mozilla/5.0 (Windows NT 10.0; Win64; x64) AppleWebKit/537.36 (KHTML, like Gecko) Chrome/87.0.4280.141 Safari/537.36"
::1 - - [22/Jan/2021:06:49:37 +0000] "GET /customerdetails HTTP/1.1" 304 - "http://localhost:4200/" "Mozilla/5.0 (Windows NT 10.0; Win64; x64) AppleWebKit/537.36 (KHTML, like Gecko) Chrome/87.0.4280.141 Safari/537.36"
::1 - - [22/Jan/2021:06:53:02 +0000] "GET /customerdetails HTTP/1.1" 304 - "http://localhost:4200/" "Mozilla/5.0 (Windows NT 10.0; Win64; x64) AppleWebKit/537.36 (KHTML, like Gecko) Chrome/87.0.4280.141 Safari/537.36"
::1 - - [22/Jan/2021:06:53:53 +0000] "GET /customerdetails HTTP/1.1" 304 - "http://localhost:4200/" "Mozilla/5.0 (Windows NT 10.0; Win64; x64) AppleWebKit/537.36 (KHTML, like Gecko) Chrome/87.0.4280.141 Safari/537.36"
::1 - - [22/Jan/2021:06:54:28 +0000] "GET /customerdetails HTTP/1.1" 304 - "http://localhost:4200/" "Mozilla/5.0 (Windows NT 10.0; Win64; x64) AppleWebKit/537.36 (KHTML, like Gecko) Chrome/87.0.4280.141 Safari/537.36"
::1 - - [22/Jan/2021:06:55:22 +0000] "GET /customerdetails HTTP/1.1" 304 - "http://localhost:4200/" "Mozilla/5.0 (Windows NT 10.0; Win64; x64) AppleWebKit/537.36 (KHTML, like Gecko) Chrome/87.0.4280.141 Safari/537.36"
::1 - - [22/Jan/2021:06:55:42 +0000] "GET /customerdetails HTTP/1.1" 304 - "http://localhost:4200/" "Mozilla/5.0 (Windows NT 10.0; Win64; x64) AppleWebKit/537.36 (KHTML, like Gecko) Chrome/87.0.4280.141 Safari/537.36"
::1 - - [22/Jan/2021:06:55:51 +0000] "GET /customerdetails HTTP/1.1" 304 - "http://localhost:4200/" "Mozilla/5.0 (Windows NT 10.0; Win64; x64) AppleWebKit/537.36 (KHTML, like Gecko) Chrome/87.0.4280.141 Safari/537.36"
::1 - - [22/Jan/2021:07:06:52 +0000] "GET /customerdetails HTTP/1.1" 304 - "http://localhost:4200/" "Mozilla/5.0 (Windows NT 10.0; Win64; x64) AppleWebKit/537.36 (KHTML, like Gecko) Chrome/87.0.4280.141 Safari/537.36"
::1 - - [22/Jan/2021:07:07:10 +0000] "GET /customerdetails HTTP/1.1" 304 - "http://localhost:4200/" "Mozilla/5.0 (Windows NT 10.0; Win64; x64) AppleWebKit/537.36 (KHTML, like Gecko) Chrome/87.0.4280.141 Safari/537.36"
::1 - - [22/Jan/2021:07:21:31 +0000] "GET /customerdetails HTTP/1.1" 304 - "http://localhost:4200/" "Mozilla/5.0 (Windows NT 10.0; Win64; x64) AppleWebKit/537.36 (KHTML, like Gecko) Chrome/87.0.4280.141 Safari/537.36"
::1 - - [22/Jan/2021:07:22:13 +0000] "GET /customerdetails HTTP/1.1" 304 - "http://localhost:4200/" "Mozilla/5.0 (Windows NT 10.0; Win64; x64) AppleWebKit/537.36 (KHTML, like Gecko) Chrome/87.0.4280.141 Safari/537.36"
::1 - - [22/Jan/2021:07:22:31 +0000] "GET /customerdetails HTTP/1.1" 304 - "http://localhost:4200/" "Mozilla/5.0 (Windows NT 10.0; Win64; x64) AppleWebKit/537.36 (KHTML, like Gecko) Chrome/87.0.4280.141 Safari/537.36"
::1 - - [22/Jan/2021:07:22:41 +0000] "GET /customerdetails HTTP/1.1" 304 - "http://localhost:4200/" "Mozilla/5.0 (Windows NT 10.0; Win64; x64) AppleWebKit/537.36 (KHTML, like Gecko) Chrome/87.0.4280.141 Safari/537.36"
::1 - - [22/Jan/2021:07:23:27 +0000] "GET /customerdetails HTTP/1.1" 304 - "http://localhost:4200/" "Mozilla/5.0 (Windows NT 10.0; Win64; x64) AppleWebKit/537.36 (KHTML, like Gecko) Chrome/87.0.4280.141 Safari/537.36"
::1 - - [22/Jan/2021:07:23:34 +0000] "GET /customerdetails HTTP/1.1" 304 - "http://localhost:4200/" "Mozilla/5.0 (Windows NT 10.0; Win64; x64) AppleWebKit/537.36 (KHTML, like Gecko) Chrome/87.0.4280.141 Safari/537.36"
::1 - - [22/Jan/2021:07:24:02 +0000] "GET /customerdetails HTTP/1.1" 304 - "http://localhost:4200/" "Mozilla/5.0 (Windows NT 10.0; Win64; x64) AppleWebKit/537.36 (KHTML, like Gecko) Chrome/87.0.4280.141 Safari/537.36"
::1 - - [22/Jan/2021:07:26:09 +0000] "GET /customerdetails HTTP/1.1" 304 - "http://localhost:4200/" "Mozilla/5.0 (Windows NT 10.0; Win64; x64) AppleWebKit/537.36 (KHTML, like Gecko) Chrome/87.0.4280.141 Safari/537.36"
::1 - - [22/Jan/2021:07:26:53 +0000] "GET /customerdetails HTTP/1.1" 304 - "http://localhost:4200/" "Mozilla/5.0 (Windows NT 10.0; Win64; x64) AppleWebKit/537.36 (KHTML, like Gecko) Chrome/87.0.4280.141 Safari/537.36"
::1 - - [22/Jan/2021:07:34:58 +0000] "GET /customerdetails HTTP/1.1" 304 - "http://localhost:4200/" "Mozilla/5.0 (Windows NT 10.0; Win64; x64) AppleWebKit/537.36 (KHTML, like Gecko) Chrome/87.0.4280.141 Safari/537.36"
::1 - - [22/Jan/2021:07:36:57 +0000] "OPTIONS /customerlogin HTTP/1.1" 200 4 "http://localhost:4200/" "Mozilla/5.0 (Windows NT 10.0; Win64; x64) AppleWebKit/537.36 (KHTML, like Gecko) Chrome/87.0.4280.141 Safari/537.36"
::1 - - [22/Jan/2021:07:36:57 +0000] "POST /customerlogin HTTP/1.1" 200 63 "http://localhost:4200/" "Mozilla/5.0 (Windows NT 10.0; Win64; x64) AppleWebKit/537.36 (KHTML, like Gecko) Chrome/87.0.4280.141 Safari/537.36"
::1 - - [22/Jan/2021:07:36:57 +0000] "GET /customerdetails HTTP/1.1" 304 - "http://localhost:4200/" "Mozilla/5.0 (Windows NT 10.0; Win64; x64) AppleWebKit/537.36 (KHTML, like Gecko) Chrome/87.0.4280.141 Safari/537.36"
::1 - - [22/Jan/2021:07:38:26 +0000] "GET /customerdetails HTTP/1.1" 304 - "http://localhost:4200/" "Mozilla/5.0 (Windows NT 10.0; Win64; x64) AppleWebKit/537.36 (KHTML, like Gecko) Chrome/87.0.4280.141 Safari/537.36"
::1 - - [22/Jan/2021:07:41:36 +0000] "GET /customerdetails HTTP/1.1" 304 - "http://localhost:4200/" "Mozilla/5.0 (Windows NT 10.0; Win64; x64) AppleWebKit/537.36 (KHTML, like Gecko) Chrome/87.0.4280.141 Safari/537.36"
::1 - - [22/Jan/2021:07:43:05 +0000] "GET /customerdetails HTTP/1.1" 304 - "http://localhost:4200/" "Mozilla/5.0 (Windows NT 10.0; Win64; x64) AppleWebKit/537.36 (KHTML, like Gecko) Chrome/87.0.4280.141 Safari/537.36"
::1 - - [22/Jan/2021:07:43:40 +0000] "GET /customerdetails HTTP/1.1" 304 - "http://localhost:4200/" "Mozilla/5.0 (Windows NT 10.0; Win64; x64) AppleWebKit/537.36 (KHTML, like Gecko) Chrome/87.0.4280.141 Safari/537.36"
::1 - - [22/Jan/2021:07:43:54 +0000] "GET /customerdetails HTTP/1.1" 304 - "http://localhost:4200/" "Mozilla/5.0 (Windows NT 10.0; Win64; x64) AppleWebKit/537.36 (KHTML, like Gecko) Chrome/87.0.4280.141 Safari/537.36"
::1 - - [22/Jan/2021:07:44:40 +0000] "GET /customerdetails HTTP/1.1" 304 - "http://localhost:4200/" "Mozilla/5.0 (Windows NT 10.0; Win64; x64) AppleWebKit/537.36 (KHTML, like Gecko) Chrome/87.0.4280.141 Safari/537.36"
::1 - - [22/Jan/2021:07:44:45 +0000] "GET /customerdetails HTTP/1.1" 304 - "http://localhost:4200/" "Mozilla/5.0 (Windows NT 10.0; Win64; x64) AppleWebKit/537.36 (KHTML, like Gecko) Chrome/87.0.4280.141 Safari/537.36"
::1 - - [22/Jan/2021:07:45:00 +0000] "GET /customerdetails HTTP/1.1" 304 - "http://localhost:4200/" "Mozilla/5.0 (Windows NT 10.0; Win64; x64) AppleWebKit/537.36 (KHTML, like Gecko) Chrome/87.0.4280.141 Safari/537.36"
::1 - - [22/Jan/2021:07:50:32 +0000] "GET /customerdetails HTTP/1.1" 304 - "http://localhost:4200/" "Mozilla/5.0 (Windows NT 10.0; Win64; x64) AppleWebKit/537.36 (KHTML, like Gecko) Chrome/87.0.4280.141 Safari/537.36"
::1 - - [22/Jan/2021:07:51:11 +0000] "GET /customerdetails HTTP/1.1" 304 - "http://localhost:4200/" "Mozilla/5.0 (Windows NT 10.0; Win64; x64) AppleWebKit/537.36 (KHTML, like Gecko) Chrome/87.0.4280.141 Safari/537.36"
::1 - - [22/Jan/2021:07:52:49 +0000] "GET /customerdetails HTTP/1.1" 304 - "http://localhost:4200/" "Mozilla/5.0 (Windows NT 10.0; Win64; x64) AppleWebKit/537.36 (KHTML, like Gecko) Chrome/87.0.4280.141 Safari/537.36"
::1 - - [22/Jan/2021:07:53:57 +0000] "GET /customerdetails HTTP/1.1" 304 - "http://localhost:4200/" "Mozilla/5.0 (Windows NT 10.0; Win64; x64) AppleWebKit/537.36 (KHTML, like Gecko) Chrome/87.0.4280.141 Safari/537.36"
::1 - - [22/Jan/2021:07:54:00 +0000] "GET /customerdetails HTTP/1.1" 304 - "http://localhost:4200/" "Mozilla/5.0 (Windows NT 10.0; Win64; x64) AppleWebKit/537.36 (KHTML, like Gecko) Chrome/87.0.4280.141 Safari/537.36"
::1 - - [22/Jan/2021:07:54:01 +0000] "GET /customerdetails HTTP/1.1" 304 - "http://localhost:4200/" "Mozilla/5.0 (Windows NT 10.0; Win64; x64) AppleWebKit/537.36 (KHTML, like Gecko) Chrome/87.0.4280.141 Safari/537.36"
::1 - - [22/Jan/2021:07:54:02 +0000] "GET /customerdetails HTTP/1.1" 304 - "http://localhost:4200/" "Mozilla/5.0 (Windows NT 10.0; Win64; x64) AppleWebKit/537.36 (KHTML, like Gecko) Chrome/87.0.4280.141 Safari/537.36"
::1 - - [22/Jan/2021:07:54:02 +0000] "GET /customerdetails HTTP/1.1" 304 - "http://localhost:4200/" "Mozilla/5.0 (Windows NT 10.0; Win64; x64) AppleWebKit/537.36 (KHTML, like Gecko) Chrome/87.0.4280.141 Safari/537.36"
::1 - - [22/Jan/2021:07:54:02 +0000] "GET /customerdetails HTTP/1.1" 304 - "http://localhost:4200/" "Mozilla/5.0 (Windows NT 10.0; Win64; x64) AppleWebKit/537.36 (KHTML, like Gecko) Chrome/87.0.4280.141 Safari/537.36"
::1 - - [22/Jan/2021:07:54:02 +0000] "GET /customerdetails HTTP/1.1" 304 - "http://localhost:4200/" "Mozilla/5.0 (Windows NT 10.0; Win64; x64) AppleWebKit/537.36 (KHTML, like Gecko) Chrome/87.0.4280.141 Safari/537.36"
::1 - - [22/Jan/2021:07:54:02 +0000] "GET /customerdetails HTTP/1.1" 304 - "http://localhost:4200/" "Mozilla/5.0 (Windows NT 10.0; Win64; x64) AppleWebKit/537.36 (KHTML, like Gecko) Chrome/87.0.4280.141 Safari/537.36"
::1 - - [22/Jan/2021:07:54:03 +0000] "GET /customerdetails HTTP/1.1" 304 - "http://localhost:4200/" "Mozilla/5.0 (Windows NT 10.0; Win64; x64) AppleWebKit/537.36 (KHTML, like Gecko) Chrome/87.0.4280.141 Safari/537.36"
::1 - - [22/Jan/2021:07:54:03 +0000] "GET /customerdetails HTTP/1.1" 304 - "http://localhost:4200/" "Mozilla/5.0 (Windows NT 10.0; Win64; x64) AppleWebKit/537.36 (KHTML, like Gecko) Chrome/87.0.4280.141 Safari/537.36"
::1 - - [22/Jan/2021:07:54:04 +0000] "GET /customerdetails HTTP/1.1" 304 - "http://localhost:4200/" "Mozilla/5.0 (Windows NT 10.0; Win64; x64) AppleWebKit/537.36 (KHTML, like Gecko) Chrome/87.0.4280.141 Safari/537.36"
::1 - - [22/Jan/2021:07:56:19 +0000] "GET /customerdetails HTTP/1.1" 304 - "http://localhost:4200/" "Mozilla/5.0 (Windows NT 10.0; Win64; x64) AppleWebKit/537.36 (KHTML, like Gecko) Chrome/87.0.4280.141 Safari/537.36"
::1 - - [22/Jan/2021:07:56:26 +0000] "GET /customerdetails HTTP/1.1" 304 - "http://localhost:4200/" "Mozilla/5.0 (Windows NT 10.0; Win64; x64) AppleWebKit/537.36 (KHTML, like Gecko) Chrome/87.0.4280.141 Safari/537.36"
::1 - - [22/Jan/2021:07:57:38 +0000] "GET /customerdetails HTTP/1.1" 304 - "http://localhost:4200/" "Mozilla/5.0 (Windows NT 10.0; Win64; x64) AppleWebKit/537.36 (KHTML, like Gecko) Chrome/87.0.4280.141 Safari/537.36"
::1 - - [22/Jan/2021:07:57:54 +0000] "GET /customerdetails HTTP/1.1" 304 - "http://localhost:4200/" "Mozilla/5.0 (Windows NT 10.0; Win64; x64) AppleWebKit/537.36 (KHTML, like Gecko) Chrome/87.0.4280.141 Safari/537.36"
::1 - - [22/Jan/2021:07:58:07 +0000] "GET /customerdetails HTTP/1.1" 304 - "http://localhost:4200/" "Mozilla/5.0 (Windows NT 10.0; Win64; x64) AppleWebKit/537.36 (KHTML, like Gecko) Chrome/87.0.4280.141 Safari/537.36"
::1 - - [22/Jan/2021:07:58:34 +0000] "GET /customerdetails HTTP/1.1" 304 - "http://localhost:4200/" "Mozilla/5.0 (Windows NT 10.0; Win64; x64) AppleWebKit/537.36 (KHTML, like Gecko) Chrome/87.0.4280.141 Safari/537.36"
::1 - - [22/Jan/2021:07:59:06 +0000] "GET /customerdetails HTTP/1.1" 304 - "http://localhost:4200/" "Mozilla/5.0 (Windows NT 10.0; Win64; x64) AppleWebKit/537.36 (KHTML, like Gecko) Chrome/87.0.4280.141 Safari/537.36"
::1 - - [22/Jan/2021:08:03:59 +0000] "GET /customerdetails HTTP/1.1" 304 - "http://localhost:4200/" "Mozilla/5.0 (Windows NT 10.0; Win64; x64) AppleWebKit/537.36 (KHTML, like Gecko) Chrome/87.0.4280.141 Safari/537.36"
::1 - - [22/Jan/2021:08:04:00 +0000] "GET /customerdetails HTTP/1.1" 304 - "http://localhost:4200/" "Mozilla/5.0 (Windows NT 10.0; Win64; x64) AppleWebKit/537.36 (KHTML, like Gecko) Chrome/87.0.4280.141 Safari/537.36"
::1 - - [22/Jan/2021:08:04:23 +0000] "GET /customerdetails HTTP/1.1" 304 - "http://localhost:4200/" "Mozilla/5.0 (Windows NT 10.0; Win64; x64) AppleWebKit/537.36 (KHTML, like Gecko) Chrome/87.0.4280.141 Safari/537.36"
::1 - - [22/Jan/2021:08:04:45 +0000] "GET /customerdetails HTTP/1.1" 304 - "http://localhost:4200/" "Mozilla/5.0 (Windows NT 10.0; Win64; x64) AppleWebKit/537.36 (KHTML, like Gecko) Chrome/87.0.4280.141 Safari/537.36"
::1 - - [22/Jan/2021:08:05:34 +0000] "GET /customerdetails HTTP/1.1" 304 - "http://localhost:4200/" "Mozilla/5.0 (Windows NT 10.0; Win64; x64) AppleWebKit/537.36 (KHTML, like Gecko) Chrome/87.0.4280.141 Safari/537.36"
::1 - - [22/Jan/2021:08:12:47 +0000] "GET /customerdetails HTTP/1.1" 304 - "http://localhost:4200/" "Mozilla/5.0 (Windows NT 10.0; Win64; x64) AppleWebKit/537.36 (KHTML, like Gecko) Chrome/87.0.4280.141 Safari/537.36"
::1 - - [22/Jan/2021:08:13:29 +0000] "GET /customerdetails HTTP/1.1" 304 - "http://localhost:4200/" "Mozilla/5.0 (Windows NT 10.0; Win64; x64) AppleWebKit/537.36 (KHTML, like Gecko) Chrome/87.0.4280.141 Safari/537.36"
::1 - - [22/Jan/2021:08:13:49 +0000] "GET /customerdetails HTTP/1.1" 304 - "http://localhost:4200/" "Mozilla/5.0 (Windows NT 10.0; Win64; x64) AppleWebKit/537.36 (KHTML, like Gecko) Chrome/87.0.4280.141 Safari/537.36"
::1 - - [22/Jan/2021:08:13:57 +0000] "GET /customerdetails HTTP/1.1" 304 - "http://localhost:4200/" "Mozilla/5.0 (Windows NT 10.0; Win64; x64) AppleWebKit/537.36 (KHTML, like Gecko) Chrome/87.0.4280.141 Safari/537.36"
::1 - - [22/Jan/2021:08:14:01 +0000] "GET /customerdetails HTTP/1.1" 304 - "http://localhost:4200/" "Mozilla/5.0 (Windows NT 10.0; Win64; x64) AppleWebKit/537.36 (KHTML, like Gecko) Chrome/87.0.4280.141 Safari/537.36"
::1 - - [22/Jan/2021:08:14:12 +0000] "GET /customerdetails HTTP/1.1" 304 - "http://localhost:4200/" "Mozilla/5.0 (Windows NT 10.0; Win64; x64) AppleWebKit/537.36 (KHTML, like Gecko) Chrome/87.0.4280.141 Safari/537.36"
::1 - - [22/Jan/2021:08:14:16 +0000] "GET /customerdetails HTTP/1.1" 304 - "http://localhost:4200/" "Mozilla/5.0 (Windows NT 10.0; Win64; x64) AppleWebKit/537.36 (KHTML, like Gecko) Chrome/87.0.4280.141 Safari/537.36"
::1 - - [22/Jan/2021:08:14:55 +0000] "GET /customerdetails HTTP/1.1" 304 - "http://localhost:4200/" "Mozilla/5.0 (Windows NT 10.0; Win64; x64) AppleWebKit/537.36 (KHTML, like Gecko) Chrome/87.0.4280.141 Safari/537.36"
::1 - - [22/Jan/2021:08:15:42 +0000] "GET /customerdetails HTTP/1.1" 304 - "http://localhost:4200/" "Mozilla/5.0 (Windows NT 10.0; Win64; x64) AppleWebKit/537.36 (KHTML, like Gecko) Chrome/87.0.4280.141 Safari/537.36"
::1 - - [22/Jan/2021:08:15:58 +0000] "GET /customerdetails HTTP/1.1" 304 - "http://localhost:4200/" "Mozilla/5.0 (Windows NT 10.0; Win64; x64) AppleWebKit/537.36 (KHTML, like Gecko) Chrome/87.0.4280.141 Safari/537.36"
::1 - - [22/Jan/2021:08:18:06 +0000] "GET /customerdetails HTTP/1.1" 304 - "http://localhost:4200/" "Mozilla/5.0 (Windows NT 10.0; Win64; x64) AppleWebKit/537.36 (KHTML, like Gecko) Chrome/87.0.4280.141 Safari/537.36"
::1 - - [22/Jan/2021:08:21:09 +0000] "GET /customerdetails HTTP/1.1" 304 - "http://localhost:4200/" "Mozilla/5.0 (Windows NT 10.0; Win64; x64) AppleWebKit/537.36 (KHTML, like Gecko) Chrome/87.0.4280.141 Safari/537.36"
::1 - - [22/Jan/2021:08:21:56 +0000] "GET /customerdetails HTTP/1.1" 304 - "http://localhost:4200/" "Mozilla/5.0 (Windows NT 10.0; Win64; x64) AppleWebKit/537.36 (KHTML, like Gecko) Chrome/87.0.4280.141 Safari/537.36"
::1 - - [22/Jan/2021:08:22:14 +0000] "OPTIONS /customerlogin HTTP/1.1" 200 4 "http://localhost:4200/" "Mozilla/5.0 (Windows NT 10.0; Win64; x64) AppleWebKit/537.36 (KHTML, like Gecko) Chrome/87.0.4280.141 Safari/537.36"
::1 - - [22/Jan/2021:08:22:14 +0000] "POST /customerlogin HTTP/1.1" 200 63 "http://localhost:4200/" "Mozilla/5.0 (Windows NT 10.0; Win64; x64) AppleWebKit/537.36 (KHTML, like Gecko) Chrome/87.0.4280.141 Safari/537.36"
::1 - - [22/Jan/2021:08:22:14 +0000] "GET /customerdetails HTTP/1.1" 304 - "http://localhost:4200/" "Mozilla/5.0 (Windows NT 10.0; Win64; x64) AppleWebKit/537.36 (KHTML, like Gecko) Chrome/87.0.4280.141 Safari/537.36"
::1 - - [22/Jan/2021:08:38:57 +0000] "GET /customerdetails HTTP/1.1" 304 - "http://localhost:4200/" "Mozilla/5.0 (Windows NT 10.0; Win64; x64) AppleWebKit/537.36 (KHTML, like Gecko) Chrome/87.0.4280.141 Safari/537.36"
::1 - - [22/Jan/2021:08:39:22 +0000] "GET /customerdetails HTTP/1.1" 304 - "http://localhost:4200/" "Mozilla/5.0 (Windows NT 10.0; Win64; x64) AppleWebKit/537.36 (KHTML, like Gecko) Chrome/87.0.4280.141 Safari/537.36"
::1 - - [22/Jan/2021:08:39:55 +0000] "GET /customerdetails HTTP/1.1" 304 - "http://localhost:4200/" "Mozilla/5.0 (Windows NT 10.0; Win64; x64) AppleWebKit/537.36 (KHTML, like Gecko) Chrome/87.0.4280.141 Safari/537.36"
::1 - - [22/Jan/2021:08:46:30 +0000] "GET /customerdetails HTTP/1.1" 304 - "http://localhost:4200/" "Mozilla/5.0 (Windows NT 10.0; Win64; x64) AppleWebKit/537.36 (KHTML, like Gecko) Chrome/87.0.4280.141 Safari/537.36"
::1 - - [22/Jan/2021:08:46:44 +0000] "GET /customerdetails HTTP/1.1" 304 - "http://localhost:4200/" "Mozilla/5.0 (Windows NT 10.0; Win64; x64) AppleWebKit/537.36 (KHTML, like Gecko) Chrome/87.0.4280.141 Safari/537.36"
::1 - - [22/Jan/2021:08:46:51 +0000] "GET /customerdetails HTTP/1.1" 304 - "http://localhost:4200/" "Mozilla/5.0 (Windows NT 10.0; Win64; x64) AppleWebKit/537.36 (KHTML, like Gecko) Chrome/87.0.4280.141 Safari/537.36"
::1 - - [22/Jan/2021:08:47:26 +0000] "GET /customerdetails HTTP/1.1" 304 - "http://localhost:4200/" "Mozilla/5.0 (Windows NT 10.0; Win64; x64) AppleWebKit/537.36 (KHTML, like Gecko) Chrome/87.0.4280.141 Safari/537.36"
::1 - - [22/Jan/2021:08:50:15 +0000] "GET /customerdetails HTTP/1.1" 304 - "http://localhost:4200/" "Mozilla/5.0 (Windows NT 10.0; Win64; x64) AppleWebKit/537.36 (KHTML, like Gecko) Chrome/87.0.4280.141 Safari/537.36"
::1 - - [22/Jan/2021:08:50:28 +0000] "GET /customerdetails HTTP/1.1" 304 - "http://localhost:4200/" "Mozilla/5.0 (Windows NT 10.0; Win64; x64) AppleWebKit/537.36 (KHTML, like Gecko) Chrome/87.0.4280.141 Safari/537.36"
::1 - - [22/Jan/2021:08:50:51 +0000] "GET /customerdetails HTTP/1.1" 304 - "http://localhost:4200/" "Mozilla/5.0 (Windows NT 10.0; Win64; x64) AppleWebKit/537.36 (KHTML, like Gecko) Chrome/87.0.4280.141 Safari/537.36"
::1 - - [22/Jan/2021:08:51:06 +0000] "GET /customerdetails HTTP/1.1" 304 - "http://localhost:4200/" "Mozilla/5.0 (Windows NT 10.0; Win64; x64) AppleWebKit/537.36 (KHTML, like Gecko) Chrome/87.0.4280.141 Safari/537.36"
::1 - - [22/Jan/2021:08:54:26 +0000] "GET /customerdetails HTTP/1.1" 304 - "http://localhost:4200/" "Mozilla/5.0 (Windows NT 10.0; Win64; x64) AppleWebKit/537.36 (KHTML, like Gecko) Chrome/87.0.4280.141 Safari/537.36"
::1 - - [22/Jan/2021:08:54:33 +0000] "GET /customerdetails HTTP/1.1" 304 - "http://localhost:4200/" "Mozilla/5.0 (Windows NT 10.0; Win64; x64) AppleWebKit/537.36 (KHTML, like Gecko) Chrome/87.0.4280.141 Safari/537.36"
::1 - - [22/Jan/2021:08:55:05 +0000] "GET /customerdetails HTTP/1.1" 304 - "http://localhost:4200/" "Mozilla/5.0 (Windows NT 10.0; Win64; x64) AppleWebKit/537.36 (KHTML, like Gecko) Chrome/87.0.4280.141 Safari/537.36"
::1 - - [22/Jan/2021:08:55:11 +0000] "GET /customerdetails HTTP/1.1" 304 - "http://localhost:4200/" "Mozilla/5.0 (Windows NT 10.0; Win64; x64) AppleWebKit/537.36 (KHTML, like Gecko) Chrome/87.0.4280.141 Safari/537.36"
::1 - - [22/Jan/2021:08:55:15 +0000] "GET /customerdetails HTTP/1.1" 304 - "http://localhost:4200/" "Mozilla/5.0 (Windows NT 10.0; Win64; x64) AppleWebKit/537.36 (KHTML, like Gecko) Chrome/87.0.4280.141 Safari/537.36"
::1 - - [22/Jan/2021:08:56:25 +0000] "GET /customerdetails HTTP/1.1" 304 - "http://localhost:4200/" "Mozilla/5.0 (Windows NT 10.0; Win64; x64) AppleWebKit/537.36 (KHTML, like Gecko) Chrome/87.0.4280.141 Safari/537.36"
::1 - - [22/Jan/2021:08:57:58 +0000] "GET /customerdetails HTTP/1.1" 304 - "http://localhost:4200/" "Mozilla/5.0 (Windows NT 10.0; Win64; x64) AppleWebKit/537.36 (KHTML, like Gecko) Chrome/87.0.4280.141 Safari/537.36"
::1 - - [22/Jan/2021:08:58:11 +0000] "GET /customerdetails HTTP/1.1" 304 - "http://localhost:4200/" "Mozilla/5.0 (Windows NT 10.0; Win64; x64) AppleWebKit/537.36 (KHTML, like Gecko) Chrome/87.0.4280.141 Safari/537.36"
::1 - - [22/Jan/2021:08:58:12 +0000] "GET /customerdetails HTTP/1.1" 304 - "http://localhost:4200/" "Mozilla/5.0 (Windows NT 10.0; Win64; x64) AppleWebKit/537.36 (KHTML, like Gecko) Chrome/87.0.4280.141 Safari/537.36"
::1 - - [22/Jan/2021:08:59:55 +0000] "GET /customerdetails HTTP/1.1" 304 - "http://localhost:4200/" "Mozilla/5.0 (Windows NT 10.0; Win64; x64) AppleWebKit/537.36 (KHTML, like Gecko) Chrome/87.0.4280.141 Safari/537.36"
::1 - - [22/Jan/2021:09:00:02 +0000] "GET /customerdetails HTTP/1.1" 304 - "http://localhost:4200/" "Mozilla/5.0 (Windows NT 10.0; Win64; x64) AppleWebKit/537.36 (KHTML, like Gecko) Chrome/87.0.4280.141 Safari/537.36"
::1 - - [22/Jan/2021:09:03:15 +0000] "GET /customerdetails HTTP/1.1" 304 - "http://localhost:4200/" "Mozilla/5.0 (Windows NT 10.0; Win64; x64) AppleWebKit/537.36 (KHTML, like Gecko) Chrome/87.0.4280.141 Safari/537.36"
::1 - - [22/Jan/2021:09:03:26 +0000] "GET /customerdetails HTTP/1.1" 304 - "http://localhost:4200/" "Mozilla/5.0 (Windows NT 10.0; Win64; x64) AppleWebKit/537.36 (KHTML, like Gecko) Chrome/87.0.4280.141 Safari/537.36"
::1 - - [22/Jan/2021:09:03:29 +0000] "GET /customerdetails HTTP/1.1" 304 - "http://localhost:4200/" "Mozilla/5.0 (Windows NT 10.0; Win64; x64) AppleWebKit/537.36 (KHTML, like Gecko) Chrome/87.0.4280.141 Safari/537.36"
::1 - - [22/Jan/2021:10:34:35 +0000] "GET /customerdetails HTTP/1.1" 304 - "http://localhost:4200/" "Mozilla/5.0 (Windows NT 10.0; Win64; x64) AppleWebKit/537.36 (KHTML, like Gecko) Chrome/87.0.4280.141 Safari/537.36"
::1 - - [22/Jan/2021:10:34:56 +0000] "GET /customerdetails HTTP/1.1" 304 - "http://localhost:4200/" "Mozilla/5.0 (Windows NT 10.0; Win64; x64) AppleWebKit/537.36 (KHTML, like Gecko) Chrome/87.0.4280.141 Safari/537.36"
::1 - - [22/Jan/2021:10:37:02 +0000] "GET /customerdetails HTTP/1.1" 304 - "http://localhost:4200/" "Mozilla/5.0 (Windows NT 10.0; Win64; x64) AppleWebKit/537.36 (KHTML, like Gecko) Chrome/87.0.4280.141 Safari/537.36"
::1 - - [22/Jan/2021:10:37:20 +0000] "GET /customerdetails HTTP/1.1" 304 - "http://localhost:4200/" "Mozilla/5.0 (Windows NT 10.0; Win64; x64) AppleWebKit/537.36 (KHTML, like Gecko) Chrome/87.0.4280.141 Safari/537.36"
::1 - - [22/Jan/2021:10:38:08 +0000] "GET /customerdetails HTTP/1.1" 304 - "http://localhost:4200/" "Mozilla/5.0 (Windows NT 10.0; Win64; x64) AppleWebKit/537.36 (KHTML, like Gecko) Chrome/87.0.4280.141 Safari/537.36"
::1 - - [22/Jan/2021:10:38:28 +0000] "GET /customerdetails HTTP/1.1" 304 - "http://localhost:4200/" "Mozilla/5.0 (Windows NT 10.0; Win64; x64) AppleWebKit/537.36 (KHTML, like Gecko) Chrome/87.0.4280.141 Safari/537.36"
::1 - - [22/Jan/2021:10:48:17 +0000] "GET /customerdetails HTTP/1.1" 304 - "http://localhost:4200/" "Mozilla/5.0 (Windows NT 10.0; Win64; x64) AppleWebKit/537.36 (KHTML, like Gecko) Chrome/87.0.4280.141 Safari/537.36"
::1 - - [22/Jan/2021:10:48:38 +0000] "GET /customerdetails HTTP/1.1" 304 - "http://localhost:4200/" "Mozilla/5.0 (Windows NT 10.0; Win64; x64) AppleWebKit/537.36 (KHTML, like Gecko) Chrome/87.0.4280.141 Safari/537.36"
::1 - - [22/Jan/2021:10:48:59 +0000] "GET /customerdetails HTTP/1.1" 304 - "http://localhost:4200/" "Mozilla/5.0 (Windows NT 10.0; Win64; x64) AppleWebKit/537.36 (KHTML, like Gecko) Chrome/87.0.4280.141 Safari/537.36"
::1 - - [22/Jan/2021:10:49:04 +0000] "GET /customerdetails HTTP/1.1" 304 - "http://localhost:4200/" "Mozilla/5.0 (Windows NT 10.0; Win64; x64) AppleWebKit/537.36 (KHTML, like Gecko) Chrome/87.0.4280.141 Safari/537.36"
::1 - - [22/Jan/2021:10:50:54 +0000] "GET /customerdetails HTTP/1.1" 304 - "http://localhost:4200/" "Mozilla/5.0 (Windows NT 10.0; Win64; x64) AppleWebKit/537.36 (KHTML, like Gecko) Chrome/87.0.4280.141 Safari/537.36"
::1 - - [22/Jan/2021:10:51:06 +0000] "GET /customerdetails HTTP/1.1" 304 - "http://localhost:4200/" "Mozilla/5.0 (Windows NT 10.0; Win64; x64) AppleWebKit/537.36 (KHTML, like Gecko) Chrome/87.0.4280.141 Safari/537.36"
::1 - - [22/Jan/2021:10:51:16 +0000] "GET /customerdetails HTTP/1.1" 304 - "http://localhost:4200/" "Mozilla/5.0 (Windows NT 10.0; Win64; x64) AppleWebKit/537.36 (KHTML, like Gecko) Chrome/87.0.4280.141 Safari/537.36"
::1 - - [22/Jan/2021:10:51:27 +0000] "GET /customerdetails HTTP/1.1" 304 - "http://localhost:4200/" "Mozilla/5.0 (Windows NT 10.0; Win64; x64) AppleWebKit/537.36 (KHTML, like Gecko) Chrome/87.0.4280.141 Safari/537.36"
::1 - - [22/Jan/2021:10:51:48 +0000] "GET /customerdetails HTTP/1.1" 304 - "http://localhost:4200/" "Mozilla/5.0 (Windows NT 10.0; Win64; x64) AppleWebKit/537.36 (KHTML, like Gecko) Chrome/87.0.4280.141 Safari/537.36"
::1 - - [22/Jan/2021:10:51:55 +0000] "GET /customerdetails HTTP/1.1" 304 - "http://localhost:4200/" "Mozilla/5.0 (Windows NT 10.0; Win64; x64) AppleWebKit/537.36 (KHTML, like Gecko) Chrome/87.0.4280.141 Safari/537.36"
::1 - - [22/Jan/2021:10:52:07 +0000] "GET /customerdetails HTTP/1.1" 304 - "http://localhost:4200/" "Mozilla/5.0 (Windows NT 10.0; Win64; x64) AppleWebKit/537.36 (KHTML, like Gecko) Chrome/87.0.4280.141 Safari/537.36"
::1 - - [22/Jan/2021:10:52:34 +0000] "GET /customerdetails HTTP/1.1" 304 - "http://localhost:4200/" "Mozilla/5.0 (Windows NT 10.0; Win64; x64) AppleWebKit/537.36 (KHTML, like Gecko) Chrome/87.0.4280.141 Safari/537.36"
::1 - - [22/Jan/2021:10:53:07 +0000] "GET /customerdetails HTTP/1.1" 304 - "http://localhost:4200/" "Mozilla/5.0 (Windows NT 10.0; Win64; x64) AppleWebKit/537.36 (KHTML, like Gecko) Chrome/87.0.4280.141 Safari/537.36"
::1 - - [22/Jan/2021:10:53:35 +0000] "GET /customerdetails HTTP/1.1" 304 - "http://localhost:4200/" "Mozilla/5.0 (Windows NT 10.0; Win64; x64) AppleWebKit/537.36 (KHTML, like Gecko) Chrome/87.0.4280.141 Safari/537.36"
::1 - - [22/Jan/2021:10:54:52 +0000] "GET /customerdetails HTTP/1.1" 304 - "http://localhost:4200/" "Mozilla/5.0 (Windows NT 10.0; Win64; x64) AppleWebKit/537.36 (KHTML, like Gecko) Chrome/87.0.4280.141 Safari/537.36"
::1 - - [22/Jan/2021:10:55:03 +0000] "GET /customerdetails HTTP/1.1" 304 - "http://localhost:4200/" "Mozilla/5.0 (Windows NT 10.0; Win64; x64) AppleWebKit/537.36 (KHTML, like Gecko) Chrome/87.0.4280.141 Safari/537.36"
::1 - - [22/Jan/2021:10:55:36 +0000] "GET /customerdetails HTTP/1.1" 304 - "http://localhost:4200/" "Mozilla/5.0 (Windows NT 10.0; Win64; x64) AppleWebKit/537.36 (KHTML, like Gecko) Chrome/87.0.4280.141 Safari/537.36"
::1 - - [22/Jan/2021:10:55:59 +0000] "GET /customerdetails HTTP/1.1" 304 - "http://localhost:4200/" "Mozilla/5.0 (Windows NT 10.0; Win64; x64) AppleWebKit/537.36 (KHTML, like Gecko) Chrome/87.0.4280.141 Safari/537.36"
::1 - - [22/Jan/2021:10:56:28 +0000] "GET /customerdetails HTTP/1.1" 304 - "http://localhost:4200/" "Mozilla/5.0 (Windows NT 10.0; Win64; x64) AppleWebKit/537.36 (KHTML, like Gecko) Chrome/87.0.4280.141 Safari/537.36"
::1 - - [22/Jan/2021:10:57:19 +0000] "GET /customerdetails HTTP/1.1" 304 - "http://localhost:4200/" "Mozilla/5.0 (Windows NT 10.0; Win64; x64) AppleWebKit/537.36 (KHTML, like Gecko) Chrome/87.0.4280.141 Safari/537.36"
::1 - - [22/Jan/2021:11:15:58 +0000] "GET /customerdetails HTTP/1.1" 304 - "http://localhost:4200/" "Mozilla/5.0 (Windows NT 10.0; Win64; x64) AppleWebKit/537.36 (KHTML, like Gecko) Chrome/87.0.4280.141 Safari/537.36"
::1 - - [22/Jan/2021:11:16:34 +0000] "GET /customerdetails HTTP/1.1" 304 - "http://localhost:4200/" "Mozilla/5.0 (Windows NT 10.0; Win64; x64) AppleWebKit/537.36 (KHTML, like Gecko) Chrome/87.0.4280.141 Safari/537.36"
::1 - - [22/Jan/2021:11:17:03 +0000] "GET /customerdetails HTTP/1.1" 304 - "http://localhost:4200/" "Mozilla/5.0 (Windows NT 10.0; Win64; x64) AppleWebKit/537.36 (KHTML, like Gecko) Chrome/87.0.4280.141 Safari/537.36"
::1 - - [22/Jan/2021:11:19:34 +0000] "GET /customerdetails HTTP/1.1" 304 - "http://localhost:4200/" "Mozilla/5.0 (Windows NT 10.0; Win64; x64) AppleWebKit/537.36 (KHTML, like Gecko) Chrome/87.0.4280.141 Safari/537.36"
::1 - - [22/Jan/2021:11:19:47 +0000] "GET /customerdetails HTTP/1.1" 304 - "http://localhost:4200/" "Mozilla/5.0 (Windows NT 10.0; Win64; x64) AppleWebKit/537.36 (KHTML, like Gecko) Chrome/87.0.4280.141 Safari/537.36"
::1 - - [22/Jan/2021:11:19:58 +0000] "GET /customerdetails HTTP/1.1" 304 - "http://localhost:4200/" "Mozilla/5.0 (Windows NT 10.0; Win64; x64) AppleWebKit/537.36 (KHTML, like Gecko) Chrome/87.0.4280.141 Safari/537.36"
::1 - - [22/Jan/2021:11:21:21 +0000] "GET /customerdetails HTTP/1.1" 304 - "http://localhost:4200/" "Mozilla/5.0 (Windows NT 10.0; Win64; x64) AppleWebKit/537.36 (KHTML, like Gecko) Chrome/87.0.4280.141 Safari/537.36"
::1 - - [22/Jan/2021:11:22:19 +0000] "GET /customerdetails HTTP/1.1" 304 - "http://localhost:4200/" "Mozilla/5.0 (Windows NT 10.0; Win64; x64) AppleWebKit/537.36 (KHTML, like Gecko) Chrome/87.0.4280.141 Safari/537.36"
::1 - - [22/Jan/2021:11:38:20 +0000] "GET /customerdetails HTTP/1.1" 304 - "http://localhost:4200/" "Mozilla/5.0 (Windows NT 10.0; Win64; x64) AppleWebKit/537.36 (KHTML, like Gecko) Chrome/87.0.4280.141 Safari/537.36"
::1 - - [22/Jan/2021:11:38:39 +0000] "GET /customerdetails HTTP/1.1" 304 - "http://localhost:4200/" "Mozilla/5.0 (Windows NT 10.0; Win64; x64) AppleWebKit/537.36 (KHTML, like Gecko) Chrome/87.0.4280.141 Safari/537.36"
::1 - - [22/Jan/2021:11:39:09 +0000] "GET /customerdetails HTTP/1.1" 304 - "http://localhost:4200/" "Mozilla/5.0 (Windows NT 10.0; Win64; x64) AppleWebKit/537.36 (KHTML, like Gecko) Chrome/87.0.4280.141 Safari/537.36"
::1 - - [22/Jan/2021:11:39:33 +0000] "GET /customerdetails HTTP/1.1" 304 - "http://localhost:4200/" "Mozilla/5.0 (Windows NT 10.0; Win64; x64) AppleWebKit/537.36 (KHTML, like Gecko) Chrome/87.0.4280.141 Safari/537.36"
::1 - - [22/Jan/2021:11:44:07 +0000] "GET /customerdetails HTTP/1.1" 304 - "http://localhost:4200/" "Mozilla/5.0 (Windows NT 10.0; Win64; x64) AppleWebKit/537.36 (KHTML, like Gecko) Chrome/87.0.4280.141 Safari/537.36"
::1 - - [22/Jan/2021:11:46:52 +0000] "GET /customerdetails HTTP/1.1" 304 - "http://localhost:4200/" "Mozilla/5.0 (Windows NT 10.0; Win64; x64) AppleWebKit/537.36 (KHTML, like Gecko) Chrome/87.0.4280.141 Safari/537.36"
::1 - - [22/Jan/2021:11:47:49 +0000] "GET /customerdetails HTTP/1.1" 304 - "http://localhost:4200/" "Mozilla/5.0 (Windows NT 10.0; Win64; x64) AppleWebKit/537.36 (KHTML, like Gecko) Chrome/87.0.4280.141 Safari/537.36"
::1 - - [22/Jan/2021:11:47:54 +0000] "GET /customerdetails HTTP/1.1" 304 - "http://localhost:4200/" "Mozilla/5.0 (Windows NT 10.0; Win64; x64) AppleWebKit/537.36 (KHTML, like Gecko) Chrome/87.0.4280.141 Safari/537.36"
::1 - - [22/Jan/2021:11:50:04 +0000] "GET /customerdetails HTTP/1.1" 304 - "http://localhost:4200/" "Mozilla/5.0 (Windows NT 10.0; Win64; x64) AppleWebKit/537.36 (KHTML, like Gecko) Chrome/87.0.4280.141 Safari/537.36"
::1 - - [22/Jan/2021:11:50:22 +0000] "GET /customerdetails HTTP/1.1" 304 - "http://localhost:4200/" "Mozilla/5.0 (Windows NT 10.0; Win64; x64) AppleWebKit/537.36 (KHTML, like Gecko) Chrome/87.0.4280.141 Safari/537.36"
::1 - - [22/Jan/2021:11:50:33 +0000] "GET /customerdetails HTTP/1.1" 304 - "http://localhost:4200/" "Mozilla/5.0 (Windows NT 10.0; Win64; x64) AppleWebKit/537.36 (KHTML, like Gecko) Chrome/87.0.4280.141 Safari/537.36"
::1 - - [22/Jan/2021:11:52:36 +0000] "GET /customerdetails HTTP/1.1" 304 - "http://localhost:4200/" "Mozilla/5.0 (Windows NT 10.0; Win64; x64) AppleWebKit/537.36 (KHTML, like Gecko) Chrome/87.0.4280.141 Safari/537.36"
::1 - - [22/Jan/2021:11:52:51 +0000] "GET /customerdetails HTTP/1.1" 304 - "http://localhost:4200/" "Mozilla/5.0 (Windows NT 10.0; Win64; x64) AppleWebKit/537.36 (KHTML, like Gecko) Chrome/87.0.4280.141 Safari/537.36"
::1 - - [22/Jan/2021:11:53:03 +0000] "GET /customerdetails HTTP/1.1" 304 - "http://localhost:4200/" "Mozilla/5.0 (Windows NT 10.0; Win64; x64) AppleWebKit/537.36 (KHTML, like Gecko) Chrome/87.0.4280.141 Safari/537.36"
::1 - - [22/Jan/2021:11:53:11 +0000] "GET /customerdetails HTTP/1.1" 304 - "http://localhost:4200/" "Mozilla/5.0 (Windows NT 10.0; Win64; x64) AppleWebKit/537.36 (KHTML, like Gecko) Chrome/87.0.4280.141 Safari/537.36"
::1 - - [22/Jan/2021:11:53:22 +0000] "GET /customerdetails HTTP/1.1" 304 - "http://localhost:4200/" "Mozilla/5.0 (Windows NT 10.0; Win64; x64) AppleWebKit/537.36 (KHTML, like Gecko) Chrome/87.0.4280.141 Safari/537.36"
::1 - - [22/Jan/2021:11:54:18 +0000] "GET /customerdetails HTTP/1.1" 304 - "http://localhost:4200/" "Mozilla/5.0 (Windows NT 10.0; Win64; x64) AppleWebKit/537.36 (KHTML, like Gecko) Chrome/87.0.4280.141 Safari/537.36"
::1 - - [22/Jan/2021:11:55:03 +0000] "GET /customerdetails HTTP/1.1" 304 - "http://localhost:4200/" "Mozilla/5.0 (Windows NT 10.0; Win64; x64) AppleWebKit/537.36 (KHTML, like Gecko) Chrome/87.0.4280.141 Safari/537.36"
::1 - - [22/Jan/2021:11:55:07 +0000] "GET /customerdetails HTTP/1.1" 304 - "http://localhost:4200/" "Mozilla/5.0 (Windows NT 10.0; Win64; x64) AppleWebKit/537.36 (KHTML, like Gecko) Chrome/87.0.4280.141 Safari/537.36"
::1 - - [22/Jan/2021:12:06:06 +0000] "GET /customerdetails HTTP/1.1" 304 - "http://localhost:4200/" "Mozilla/5.0 (Windows NT 10.0; Win64; x64) AppleWebKit/537.36 (KHTML, like Gecko) Chrome/87.0.4280.141 Safari/537.36"
::1 - - [22/Jan/2021:12:08:11 +0000] "GET /customerdetails HTTP/1.1" 304 - "http://localhost:4200/" "Mozilla/5.0 (Windows NT 10.0; Win64; x64) AppleWebKit/537.36 (KHTML, like Gecko) Chrome/87.0.4280.141 Safari/537.36"
::1 - - [22/Jan/2021:12:08:39 +0000] "GET /customerdetails HTTP/1.1" 304 - "http://localhost:4200/" "Mozilla/5.0 (Windows NT 10.0; Win64; x64) AppleWebKit/537.36 (KHTML, like Gecko) Chrome/87.0.4280.141 Safari/537.36"
::1 - - [22/Jan/2021:12:08:46 +0000] "GET /customerdetails HTTP/1.1" 304 - "http://localhost:4200/" "Mozilla/5.0 (Windows NT 10.0; Win64; x64) AppleWebKit/537.36 (KHTML, like Gecko) Chrome/87.0.4280.141 Safari/537.36"
::1 - - [22/Jan/2021:12:09:26 +0000] "GET /customerdetails HTTP/1.1" 304 - "http://localhost:4200/" "Mozilla/5.0 (Windows NT 10.0; Win64; x64) AppleWebKit/537.36 (KHTML, like Gecko) Chrome/87.0.4280.141 Safari/537.36"
::1 - - [22/Jan/2021:12:09:32 +0000] "GET /customerdetails HTTP/1.1" 304 - "http://localhost:4200/" "Mozilla/5.0 (Windows NT 10.0; Win64; x64) AppleWebKit/537.36 (KHTML, like Gecko) Chrome/87.0.4280.141 Safari/537.36"
::1 - - [22/Jan/2021:14:19:18 +0000] "GET /customerdetails HTTP/1.1" 304 - "http://localhost:4200/" "Mozilla/5.0 (Windows NT 10.0; Win64; x64) AppleWebKit/537.36 (KHTML, like Gecko) Chrome/87.0.4280.141 Safari/537.36"
::1 - - [22/Jan/2021:14:19:42 +0000] "GET /customerdetails HTTP/1.1" 304 - "http://localhost:4200/" "Mozilla/5.0 (Windows NT 10.0; Win64; x64) AppleWebKit/537.36 (KHTML, like Gecko) Chrome/87.0.4280.141 Safari/537.36"
::1 - - [22/Jan/2021:14:20:09 +0000] "GET /customerdetails HTTP/1.1" 304 - "http://localhost:4200/" "Mozilla/5.0 (Windows NT 10.0; Win64; x64) AppleWebKit/537.36 (KHTML, like Gecko) Chrome/87.0.4280.141 Safari/537.36"
::1 - - [22/Jan/2021:14:20:31 +0000] "GET /customerdetails HTTP/1.1" 304 - "http://localhost:4200/" "Mozilla/5.0 (Windows NT 10.0; Win64; x64) AppleWebKit/537.36 (KHTML, like Gecko) Chrome/87.0.4280.141 Safari/537.36"
::1 - - [22/Jan/2021:14:21:13 +0000] "GET /customerdetails HTTP/1.1" 304 - "http://localhost:4200/" "Mozilla/5.0 (Windows NT 10.0; Win64; x64) AppleWebKit/537.36 (KHTML, like Gecko) Chrome/87.0.4280.141 Safari/537.36"
::1 - - [22/Jan/2021:14:21:28 +0000] "GET /customerdetails HTTP/1.1" 304 - "http://localhost:4200/" "Mozilla/5.0 (Windows NT 10.0; Win64; x64) AppleWebKit/537.36 (KHTML, like Gecko) Chrome/87.0.4280.141 Safari/537.36"
::1 - - [22/Jan/2021:14:21:46 +0000] "GET /customerdetails HTTP/1.1" 304 - "http://localhost:4200/" "Mozilla/5.0 (Windows NT 10.0; Win64; x64) AppleWebKit/537.36 (KHTML, like Gecko) Chrome/87.0.4280.141 Safari/537.36"
::1 - - [22/Jan/2021:14:22:43 +0000] "GET /customerdetails HTTP/1.1" 304 - "http://localhost:4200/" "Mozilla/5.0 (Windows NT 10.0; Win64; x64) AppleWebKit/537.36 (KHTML, like Gecko) Chrome/87.0.4280.141 Safari/537.36"
::1 - - [22/Jan/2021:14:22:55 +0000] "GET /customerdetails HTTP/1.1" 304 - "http://localhost:4200/" "Mozilla/5.0 (Windows NT 10.0; Win64; x64) AppleWebKit/537.36 (KHTML, like Gecko) Chrome/87.0.4280.141 Safari/537.36"
::1 - - [22/Jan/2021:14:23:13 +0000] "GET /customerdetails HTTP/1.1" 304 - "http://localhost:4200/" "Mozilla/5.0 (Windows NT 10.0; Win64; x64) AppleWebKit/537.36 (KHTML, like Gecko) Chrome/87.0.4280.141 Safari/537.36"
::1 - - [22/Jan/2021:14:24:02 +0000] "GET /customerdetails HTTP/1.1" 304 - "http://localhost:4200/" "Mozilla/5.0 (Windows NT 10.0; Win64; x64) AppleWebKit/537.36 (KHTML, like Gecko) Chrome/87.0.4280.141 Safari/537.36"
::1 - - [22/Jan/2021:14:26:33 +0000] "GET /customerdetails HTTP/1.1" 304 - "http://localhost:4200/" "Mozilla/5.0 (Windows NT 10.0; Win64; x64) AppleWebKit/537.36 (KHTML, like Gecko) Chrome/87.0.4280.141 Safari/537.36"
::1 - - [22/Jan/2021:14:26:39 +0000] "GET /customerdetails HTTP/1.1" 304 - "http://localhost:4200/" "Mozilla/5.0 (Windows NT 10.0; Win64; x64) AppleWebKit/537.36 (KHTML, like Gecko) Chrome/87.0.4280.141 Safari/537.36"
::1 - - [22/Jan/2021:14:27:30 +0000] "GET /customerdetails HTTP/1.1" 304 - "http://localhost:4200/" "Mozilla/5.0 (Windows NT 10.0; Win64; x64) AppleWebKit/537.36 (KHTML, like Gecko) Chrome/87.0.4280.141 Safari/537.36"
::1 - - [22/Jan/2021:14:27:53 +0000] "GET /customerdetails HTTP/1.1" 304 - "http://localhost:4200/" "Mozilla/5.0 (Windows NT 10.0; Win64; x64) AppleWebKit/537.36 (KHTML, like Gecko) Chrome/87.0.4280.141 Safari/537.36"
::1 - - [22/Jan/2021:14:30:39 +0000] "GET /customerdetails HTTP/1.1" 304 - "http://localhost:4200/" "Mozilla/5.0 (Windows NT 10.0; Win64; x64) AppleWebKit/537.36 (KHTML, like Gecko) Chrome/87.0.4280.141 Safari/537.36"
::1 - - [22/Jan/2021:14:31:19 +0000] "OPTIONS /customerlogin HTTP/1.1" 200 4 "http://localhost:4200/" "Mozilla/5.0 (Windows NT 10.0; Win64; x64) AppleWebKit/537.36 (KHTML, like Gecko) Chrome/87.0.4280.141 Safari/537.36"
::1 - - [22/Jan/2021:14:31:19 +0000] "POST /customerlogin HTTP/1.1" 200 66 "http://localhost:4200/" "Mozilla/5.0 (Windows NT 10.0; Win64; x64) AppleWebKit/537.36 (KHTML, like Gecko) Chrome/87.0.4280.141 Safari/537.36"
::1 - - [22/Jan/2021:14:31:19 +0000] "GET /customerdetails HTTP/1.1" 304 - "http://localhost:4200/" "Mozilla/5.0 (Windows NT 10.0; Win64; x64) AppleWebKit/537.36 (KHTML, like Gecko) Chrome/87.0.4280.141 Safari/537.36"
::1 - - [22/Jan/2021:14:32:42 +0000] "GET /customerdetails HTTP/1.1" 304 - "http://localhost:4200/" "Mozilla/5.0 (Windows NT 10.0; Win64; x64) AppleWebKit/537.36 (KHTML, like Gecko) Chrome/87.0.4280.141 Safari/537.36"
::1 - - [22/Jan/2021:14:36:03 +0000] "OPTIONS /customerlogin HTTP/1.1" 200 4 "http://localhost:4200/" "Mozilla/5.0 (Windows NT 10.0; Win64; x64) AppleWebKit/537.36 (KHTML, like Gecko) Chrome/87.0.4280.141 Safari/537.36"
::1 - - [22/Jan/2021:14:36:03 +0000] "POST /customerlogin HTTP/1.1" 200 63 "http://localhost:4200/" "Mozilla/5.0 (Windows NT 10.0; Win64; x64) AppleWebKit/537.36 (KHTML, like Gecko) Chrome/87.0.4280.141 Safari/537.36"
::1 - - [22/Jan/2021:14:36:03 +0000] "GET /customerdetails HTTP/1.1" 304 - "http://localhost:4200/" "Mozilla/5.0 (Windows NT 10.0; Win64; x64) AppleWebKit/537.36 (KHTML, like Gecko) Chrome/87.0.4280.141 Safari/537.36"
::1 - - [23/Jan/2021:07:59:13 +0000] "OPTIONS /customerlogin HTTP/1.1" 200 4 "http://localhost:4200/" "Mozilla/5.0 (Windows NT 10.0; Win64; x64) AppleWebKit/537.36 (KHTML, like Gecko) Chrome/87.0.4280.141 Safari/537.36"
::1 - - [23/Jan/2021:07:59:13 +0000] "POST /customerlogin HTTP/1.1" 200 43 "http://localhost:4200/" "Mozilla/5.0 (Windows NT 10.0; Win64; x64) AppleWebKit/537.36 (KHTML, like Gecko) Chrome/87.0.4280.141 Safari/537.36"
::1 - - [23/Jan/2021:07:59:36 +0000] "OPTIONS /customerlogin HTTP/1.1" 200 4 "http://localhost:4200/" "Mozilla/5.0 (Windows NT 10.0; Win64; x64) AppleWebKit/537.36 (KHTML, like Gecko) Chrome/87.0.4280.141 Safari/537.36"
::1 - - [23/Jan/2021:07:59:36 +0000] "POST /customerlogin HTTP/1.1" 200 66 "http://localhost:4200/" "Mozilla/5.0 (Windows NT 10.0; Win64; x64) AppleWebKit/537.36 (KHTML, like Gecko) Chrome/87.0.4280.141 Safari/537.36"
::1 - - [23/Jan/2021:07:59:36 +0000] "GET /customerdetails HTTP/1.1" 200 658 "http://localhost:4200/" "Mozilla/5.0 (Windows NT 10.0; Win64; x64) AppleWebKit/537.36 (KHTML, like Gecko) Chrome/87.0.4280.141 Safari/537.36"
::1 - - [23/Jan/2021:08:03:51 +0000] "OPTIONS /createcustomer HTTP/1.1" 200 4 "http://localhost:4200/" "Mozilla/5.0 (Windows NT 10.0; Win64; x64) AppleWebKit/537.36 (KHTML, like Gecko) Chrome/87.0.4280.141 Safari/537.36"
::1 - - [23/Jan/2021:08:03:51 +0000] "POST /createcustomer HTTP/1.1" 200 46 "http://localhost:4200/" "Mozilla/5.0 (Windows NT 10.0; Win64; x64) AppleWebKit/537.36 (KHTML, like Gecko) Chrome/87.0.4280.141 Safari/537.36"
::1 - - [23/Jan/2021:08:04:05 +0000] "OPTIONS /customerlogin HTTP/1.1" 200 4 "http://localhost:4200/" "Mozilla/5.0 (Windows NT 10.0; Win64; x64) AppleWebKit/537.36 (KHTML, like Gecko) Chrome/87.0.4280.141 Safari/537.36"
::1 - - [23/Jan/2021:08:04:05 +0000] "POST /customerlogin HTTP/1.1" 200 43 "http://localhost:4200/" "Mozilla/5.0 (Windows NT 10.0; Win64; x64) AppleWebKit/537.36 (KHTML, like Gecko) Chrome/87.0.4280.141 Safari/537.36"
::1 - - [23/Jan/2021:08:04:33 +0000] "OPTIONS /customerlogin HTTP/1.1" 200 4 "http://localhost:4200/" "Mozilla/5.0 (Windows NT 10.0; Win64; x64) AppleWebKit/537.36 (KHTML, like Gecko) Chrome/87.0.4280.141 Safari/537.36"
::1 - - [23/Jan/2021:08:04:33 +0000] "POST /customerlogin HTTP/1.1" 200 43 "http://localhost:4200/" "Mozilla/5.0 (Windows NT 10.0; Win64; x64) AppleWebKit/537.36 (KHTML, like Gecko) Chrome/87.0.4280.141 Safari/537.36"
::1 - - [23/Jan/2021:08:05:52 +0000] "OPTIONS /customerlogin HTTP/1.1" 200 4 "http://localhost:4200/" "Mozilla/5.0 (Windows NT 10.0; Win64; x64) AppleWebKit/537.36 (KHTML, like Gecko) Chrome/87.0.4280.141 Safari/537.36"
::1 - - [23/Jan/2021:08:05:52 +0000] "POST /customerlogin HTTP/1.1" 200 43 "http://localhost:4200/" "Mozilla/5.0 (Windows NT 10.0; Win64; x64) AppleWebKit/537.36 (KHTML, like Gecko) Chrome/87.0.4280.141 Safari/537.36"
::1 - - [23/Jan/2021:08:09:05 +0000] "OPTIONS /customerlogin HTTP/1.1" 200 4 "http://localhost:4200/" "Mozilla/5.0 (Windows NT 10.0; Win64; x64) AppleWebKit/537.36 (KHTML, like Gecko) Chrome/87.0.4280.141 Safari/537.36"
::1 - - [23/Jan/2021:08:09:05 +0000] "POST /customerlogin HTTP/1.1" 200 71 "http://localhost:4200/" "Mozilla/5.0 (Windows NT 10.0; Win64; x64) AppleWebKit/537.36 (KHTML, like Gecko) Chrome/87.0.4280.141 Safari/537.36"
::1 - - [23/Jan/2021:08:09:06 +0000] "GET /customerdetails HTTP/1.1" 200 962 "http://localhost:4200/" "Mozilla/5.0 (Windows NT 10.0; Win64; x64) AppleWebKit/537.36 (KHTML, like Gecko) Chrome/87.0.4280.141 Safari/537.36"
::1 - - [23/Jan/2021:08:09:29 +0000] "GET /customerdetails HTTP/1.1" 304 - "http://localhost:4200/" "Mozilla/5.0 (Windows NT 10.0; Win64; x64) AppleWebKit/537.36 (KHTML, like Gecko) Chrome/87.0.4280.141 Safari/537.36"
::1 - - [23/Jan/2021:08:09:43 +0000] "GET /customerdetails HTTP/1.1" 304 - "http://localhost:4200/" "Mozilla/5.0 (Windows NT 10.0; Win64; x64) AppleWebKit/537.36 (KHTML, like Gecko) Chrome/87.0.4280.141 Safari/537.36"
::1 - - [23/Jan/2021:08:10:03 +0000] "GET /customerdetails HTTP/1.1" 304 - "http://localhost:4200/" "Mozilla/5.0 (Windows NT 10.0; Win64; x64) AppleWebKit/537.36 (KHTML, like Gecko) Chrome/87.0.4280.141 Safari/537.36"
::1 - - [23/Jan/2021:08:10:39 +0000] "GET /customerdetails HTTP/1.1" 304 - "http://localhost:4200/" "Mozilla/5.0 (Windows NT 10.0; Win64; x64) AppleWebKit/537.36 (KHTML, like Gecko) Chrome/87.0.4280.141 Safari/537.36"
::1 - - [23/Jan/2021:08:11:18 +0000] "GET /customerdetails HTTP/1.1" 304 - "http://localhost:4200/" "Mozilla/5.0 (Windows NT 10.0; Win64; x64) AppleWebKit/537.36 (KHTML, like Gecko) Chrome/87.0.4280.141 Safari/537.36"
::1 - - [23/Jan/2021:08:11:23 +0000] "GET /customerdetails HTTP/1.1" 304 - "http://localhost:4200/" "Mozilla/5.0 (Windows NT 10.0; Win64; x64) AppleWebKit/537.36 (KHTML, like Gecko) Chrome/87.0.4280.141 Safari/537.36"
::1 - - [23/Jan/2021:08:13:20 +0000] "GET /customerdetails HTTP/1.1" 304 - "http://localhost:4200/" "Mozilla/5.0 (Windows NT 10.0; Win64; x64) AppleWebKit/537.36 (KHTML, like Gecko) Chrome/87.0.4280.141 Safari/537.36"
::1 - - [23/Jan/2021:08:13:37 +0000] "OPTIONS /customerlogin HTTP/1.1" 200 4 "http://localhost:4200/" "Mozilla/5.0 (Windows NT 10.0; Win64; x64) AppleWebKit/537.36 (KHTML, like Gecko) Chrome/87.0.4280.141 Safari/537.36"
::1 - - [23/Jan/2021:08:13:37 +0000] "POST /customerlogin HTTP/1.1" 200 63 "http://localhost:4200/" "Mozilla/5.0 (Windows NT 10.0; Win64; x64) AppleWebKit/537.36 (KHTML, like Gecko) Chrome/87.0.4280.141 Safari/537.36"
::1 - - [23/Jan/2021:08:13:37 +0000] "GET /customerdetails HTTP/1.1" 304 - "http://localhost:4200/" "Mozilla/5.0 (Windows NT 10.0; Win64; x64) AppleWebKit/537.36 (KHTML, like Gecko) Chrome/87.0.4280.141 Safari/537.36"
::1 - - [23/Jan/2021:08:14:01 +0000] "GET /customerdetails HTTP/1.1" 304 - "http://localhost:4200/" "Mozilla/5.0 (Windows NT 10.0; Win64; x64) AppleWebKit/537.36 (KHTML, like Gecko) Chrome/87.0.4280.141 Safari/537.36"
::1 - - [23/Jan/2021:08:15:09 +0000] "GET /customerdetails HTTP/1.1" 304 - "http://localhost:4200/" "Mozilla/5.0 (Windows NT 10.0; Win64; x64) AppleWebKit/537.36 (KHTML, like Gecko) Chrome/87.0.4280.141 Safari/537.36"
::1 - - [23/Jan/2021:08:15:50 +0000] "GET /customerdetails HTTP/1.1" 304 - "http://localhost:4200/" "Mozilla/5.0 (Windows NT 10.0; Win64; x64) AppleWebKit/537.36 (KHTML, like Gecko) Chrome/87.0.4280.141 Safari/537.36"
